[2018-06-22 02:00:02] START
[2018-06-22 02:00:02] EDIT Waf2Py/controllers/default.py: 0
[2018-06-22 02:00:08] EDIT Waf2Py/controllers/default.py: 0
[2018-06-22 02:00:21] EDIT Waf2Py/controllers/default.py: 0
[2018-06-22 02:07:41] EDIT Waf2Py/controllers/default.py: 0
[2018-06-22 02:08:00] EDIT Waf2Py/controllers/default.py: 0
[2018-06-22 14:20:11] EDIT Waf2Py/views/Logs/RuleList.html: 0
[2018-06-22 16:51:55] EDIT Waf2Py/models/db.py: 0
[2018-06-22 17:01:40] EDIT Waf2Py/models/db.py: -6
[2018-06-22 17:06:24] EDIT Waf2Py/views/layout_community.html: 0
[2018-06-22 17:07:57] EDIT Waf2Py/views/layout_community.html: 0
[2018-06-22 17:09:05] EDIT Waf2Py/views/layout_community.html: 0
[2018-06-22 17:09:22] EDIT Waf2Py/views/layout_community.html: 0
[2018-06-22 17:09:42] EDIT Waf2Py/views/layout_community.html: 0
[2018-06-22 17:09:45] EDIT Waf2Py/views/layout_community.html: 0
[2018-06-22 17:10:05] EDIT Waf2Py/models/db.py: 1
[2018-06-26 17:37:48] EDIT Waf2Py/models/db.py: 11
[2018-06-26 17:38:51] EDIT Waf2Py/models/db.py: 0
[2018-06-26 19:00:42] EDIT Waf2Py/controllers/Network.py: 0
[2018-06-26 19:01:10] EDIT Waf2Py/controllers/Network.py: 0
[2018-06-26 19:01:24] EDIT Waf2Py/controllers/Network.py: 0
[2018-06-26 19:01:45] EDIT Waf2Py/modules/stuffs.py: -2
[2018-06-26 19:02:49] EDIT Waf2Py/modules/stuffs.py: 2
[2018-06-26 19:03:11] EDIT Waf2Py/controllers/Network.py: 0
[2018-06-26 19:03:47] EDIT Waf2Py/modules/stuffs.py: -2
[2018-06-26 19:04:39] EDIT Waf2Py/modules/stuffs.py: 2
[2018-06-27 08:29:07] EDIT Waf2Py/views/Logs/Summary.html: 5
[2018-06-27 08:29:29] EDIT Waf2Py/views/Logs/Summary.html: -2
[2018-06-27 08:29:59] EDIT Waf2Py/views/Logs/Summary.html: 0
[2018-06-27 08:30:28] EDIT Waf2Py/views/Logs/Summary.html: 0
[2018-06-27 08:31:54] EDIT Waf2Py/views/Logs/Summary.html: 1
[2018-06-27 08:45:22] EDIT Waf2Py/views/Logs/WafLogs.html: -3
[2018-06-27 08:49:53] EDIT Waf2Py/controllers/Network.py: 0
[2018-06-27 09:06:43] EDIT Waf2Py/modules/stuffs.py: -1
[2018-06-27 09:08:10] EDIT Waf2Py/controllers/Logs.py: 1
[2018-06-27 09:11:38] EDIT Waf2Py/modules/stuffs.py: 0
[2018-06-27 09:13:12] EDIT Waf2Py/views/Logs/RuleList.html: 0
[2018-06-27 09:18:49] EDIT Waf2Py/views/Logs/ExcludeManual.html: 0
[2018-06-27 09:55:20] EDIT Waf2Py/controllers/Logs.py: 0
[2018-06-27 10:05:41] EDIT Waf2Py/controllers/Logs.py: 0
[2018-06-27 10:07:02] EDIT Waf2Py/views/Logs/WafLogs.html: 1
[2018-06-27 10:11:18] EDIT Waf2Py/modules/stuffs.py: 0
[2018-06-27 10:21:04] EDIT Waf2Py/modules/stuffs.py: 0
[2018-06-27 10:22:27] EDIT Waf2Py/modules/stuffs.py: 0
[2018-06-27 10:25:26] EDIT Waf2Py/views/Logs/ErrorLogs.html: 0
[2018-06-27 10:29:01] DELETE Waf2Py/views/Logs/GeneralAccessLogs.html: -70
[2018-06-27 10:29:22] DELETE Waf2Py/views/Logs/RawLogs.html: -6
[2018-06-27 10:29:37] DELETE Waf2Py/views/Logs/GeneralWafLogs.html: -31
[2018-06-27 10:29:53] DELETE Waf2Py/views/Logs/GeneralErrorLogs.html: -70
[2018-06-27 10:38:15] EDIT Waf2Py/controllers/Logs.py: 18
[2018-06-27 10:40:13] EDIT Waf2Py/views/Logs/DebugLogs.html: 19
[2018-06-27 10:41:13] EDIT Waf2Py/views/Logs/DebugLogs.html: 0
[2018-06-27 10:41:58] EDIT Waf2Py/controllers/Logs.py: 0
[2018-06-27 10:42:14] EDIT Waf2Py/views/Logs/DebugLogs.html: 0
[2018-06-27 10:44:57] EDIT Waf2Py/views/Logs/WafLogs.html: 0
[2018-06-27 10:49:08] EDIT Waf2Py/views/Logs/GeneralDenyLogs.html: 1
[2018-06-27 10:50:14] EDIT Waf2Py/views/layout_community.html: 0
[2018-06-27 10:54:14] EDIT Waf2Py/views/Logs/ErrorLogs.html: 1
[2018-06-27 10:54:28] EDIT Waf2Py/views/Logs/DebugLogs.html: 1
[2018-06-27 10:55:04] EDIT Waf2Py/views/Logs/AccessLogs.html: 1
[2018-06-27 10:56:25] EDIT Waf2Py/views/Logs/DebugLogs.html: 0
[2018-06-27 10:57:02] EDIT Waf2Py/views/Logs/AccessLogs.html: 2
[2018-06-27 10:58:06] EDIT Waf2Py/views/Logs/AccessLogs.html: 0
[2018-06-27 10:58:49] EDIT Waf2Py/views/Logs/DebugLogs.html: 0
[2018-06-27 10:58:55] EDIT Waf2Py/views/Logs/AccessLogs.html: 0
[2018-06-27 10:59:39] EDIT Waf2Py/views/Logs/RuleList.html: 0
[2018-06-27 11:16:50] EDIT Waf2Py/views/default/Websites.html: -4
[2018-06-27 11:17:02] EDIT Waf2Py/views/default/Websites.html: 0
[2018-06-27 11:17:23] EDIT Waf2Py/views/default/Websites.html: -2
[2018-06-27 11:18:12] EDIT Waf2Py/views/default/Websites.html: 0
[2018-06-27 11:18:23] EDIT Waf2Py/views/default/Websites.html: -2
[2018-06-27 11:24:18] EDIT Waf2Py/controllers/default.py: 0
[2018-06-27 11:26:49] EDIT Waf2Py/controllers/default.py: 1
[2018-06-27 11:27:47] EDIT Waf2Py/controllers/default.py: 1
[2018-06-27 11:27:57] EDIT Waf2Py/controllers/default.py: 0
[2018-06-27 11:28:21] EDIT Waf2Py/controllers/default.py: 0
[2018-06-27 11:29:15] EDIT Waf2Py/controllers/default.py: 0
[2018-06-27 11:30:18] EDIT Waf2Py/controllers/default.py: 1
[2018-06-27 11:31:08] EDIT Waf2Py/controllers/default.py: 3
[2018-06-27 11:32:48] EDIT Waf2Py/controllers/default.py: 1
[2018-06-27 11:33:57] EDIT Waf2Py/controllers/default.py: 0
[2018-06-27 11:34:03] EDIT Waf2Py/controllers/default.py: 0
[2018-06-27 11:34:34] EDIT Waf2Py/controllers/default.py: 1
[2018-06-27 11:34:43] EDIT Waf2Py/controllers/default.py: -1
[2018-06-27 11:36:22] EDIT Waf2Py/controllers/default.py: -2
[2018-06-27 11:39:46] EDIT Waf2Py/controllers/default.py: -5
[2018-06-27 11:42:47] EDIT Waf2Py/models/db.py: 0
[2018-06-27 11:48:32] EDIT Waf2Py/models/db.py: 0
[2018-06-27 11:51:03] EDIT Waf2Py/models/db.py: 0
[2018-06-28 13:45:05] EDIT Waf2Py/views/default/Websites.html: 0
[2018-06-28 13:47:18] EDIT Waf2Py/views/default/Websites.html: 1
[2018-06-28 13:48:44] EDIT Waf2Py/views/default/Websites.html: -1
[2018-06-28 13:49:34] EDIT Waf2Py/views/default/Websites.html: 8
[2018-06-28 13:53:37] EDIT Waf2Py/views/default/Websites.html: -4
[2018-06-28 13:54:13] EDIT Waf2Py/views/default/Websites.html: 4
[2018-06-28 13:55:06] EDIT Waf2Py/views/default/Websites.html: 1
[2018-06-29 22:55:23] EDIT Waf2Py/modules/stuffs.py: 0
[2018-06-29 22:56:52] EDIT Waf2Py/modules/stuffs.py: 1
[2018-06-29 22:57:23] EDIT Waf2Py/modules/stuffs.py: 0
[2018-06-29 22:58:52] EDIT Waf2Py/views/default/Dashboard.html: 0
[2018-07-04 00:10:37] EDIT Waf2Py/models/db.py: 2
[2018-07-04 00:12:55] EDIT Waf2Py/models/db.py: 0
[2018-07-04 00:13:31] EDIT Waf2Py/models/db.py: 0
[2018-07-04 00:55:24] EDIT Waf2Py/views/default/Websites.html: -4
[2018-07-04 01:02:39] EDIT Waf2Py/views/default/ProdEdit/http.html: 0
[2018-07-04 01:04:58] EDIT Waf2Py/views/default/ProdEdit/http.html: 5
[2018-07-04 01:06:47] EDIT Waf2Py/views/default/ProdEdit/SSL.html: 0
[2018-07-04 01:07:53] EDIT Waf2Py/views/default/ProdEdit/SSL.html: 0
[2018-07-04 01:09:08] EDIT Waf2Py/views/default/ProdEdit/Rewrite.html: 0
[2018-07-09 11:51:43] EDIT Waf2Py/models/db.py: 1
[2018-07-09 11:54:26] EDIT Waf2Py/models/db.py: 6
[2018-07-09 11:56:00] EDIT Waf2Py/models/db.py: 0
[2018-07-09 12:05:11] EDIT Waf2Py/models/db.py: 2
[2018-07-09 12:05:44] EDIT Waf2Py/models/db.py: 0
[2018-07-09 12:06:41] EDIT Waf2Py/models/db.py: -1
[2018-07-09 12:08:22] EDIT Waf2Py/models/db.py: 0
[2018-07-09 12:09:58] EDIT Waf2Py/views/default/user.html: 2
[2018-07-09 12:10:50] EDIT Waf2Py/views/default/user.html: -2
[2018-07-09 12:14:40] EDIT Waf2Py/models/db.py: -5
[2018-07-09 12:15:42] EDIT Waf2Py/views/layout_login.html: 2
[2018-07-09 12:16:00] EDIT Waf2Py/views/layout_login.html: 0
[2018-07-09 12:16:12] EDIT Waf2Py/views/layout_login.html: 0
[2018-07-09 12:16:28] EDIT Waf2Py/views/layout_login.html: 0
[2018-07-09 12:17:16] EDIT Waf2Py/views/layout_login.html: 0
[2018-07-09 12:19:46] EDIT Waf2Py/views/layout_login.html: 2
[2018-07-09 12:20:34] EDIT Waf2Py/views/layout_login.html: -4
[2018-07-09 12:20:46] EDIT Waf2Py/views/layout_login.html: 0
[2018-07-09 12:21:00] EDIT Waf2Py/views/layout_login.html: 0
[2018-07-09 12:21:16] EDIT Waf2Py/views/layout_login.html: 0
[2018-07-09 12:21:30] EDIT Waf2Py/views/layout_login.html: 0
[2018-07-09 12:21:56] EDIT Waf2Py/views/layout_login.html: 0
[2018-07-09 12:26:54] EDIT Waf2Py/models/db.py: 1
[2018-07-09 12:33:10] EDIT Waf2Py/models/db.py: 0
[2018-07-09 12:33:53] EDIT Waf2Py/models/db.py: -1
[2018-07-09 12:39:35] EDIT Waf2Py/models/db.py: 1
[2018-07-09 12:42:42] EDIT Waf2Py/models/db.py: -1
[2018-07-09 12:42:53] EDIT Waf2Py/models/db.py: 0
[2018-07-09 12:43:20] EDIT Waf2Py/models/db.py: 0
[2018-07-09 12:44:11] EDIT Waf2Py/models/db.py: 0
[2018-07-09 12:47:43] EDIT Waf2Py/models/db.py: -1
[2018-07-12 01:06:35] EDIT Waf2Py/controllers/Rewrite.py: 3
[2018-07-12 01:06:47] EDIT Waf2Py/controllers/Rewrite.py: -1
[2018-07-12 01:07:12] EDIT Waf2Py/controllers/Rewrite.py: 1
[2018-07-19 16:22:27] EDIT Waf2Py/views/default/Dashboard.html: 0
[2018-07-19 17:32:51] EDIT Waf2Py/views/default/Dashboard.html: 0
[2018-07-19 17:33:11] EDIT Waf2Py/views/default/Dashboard.html: 0
[2018-07-19 17:40:38] EDIT Waf2Py/views/default/Dashboard.html: 0
[2018-07-19 17:40:53] EDIT Waf2Py/views/default/Dashboard.html: 0
[2018-07-19 17:46:16] EDIT Waf2Py/views/default/Dashboard.html: 0
[2018-07-19 17:46:25] EDIT Waf2Py/views/default/Dashboard.html: 0
[2018-07-19 17:50:04] EDIT Waf2Py/views/default/new_app.html: 0
[2018-07-19 17:56:49] EDIT Waf2Py/views/layout_community.html: -1
[2018-07-19 18:16:56] EDIT Waf2Py/controllers/Network.py: 0
[2018-07-19 18:28:01] EDIT Waf2Py/controllers/SSL.py: 0
[2018-07-19 18:28:02] EDIT Waf2Py/controllers/Logs.py: 0
[2018-07-19 18:28:05] EDIT Waf2Py/controllers/Network.py: 0
[2018-07-19 18:28:07] EDIT Waf2Py/controllers/default.py: 0
[2018-07-19 18:28:16] EDIT Waf2Py/controllers/Rewrite.py: 0
[2018-07-19 20:26:16] EDIT Waf2Py/models/db.py: -6
[2018-07-20 17:49:17] EDIT Waf2Py/models/db.py: -11
[2018-07-20 17:56:39] EDIT Waf2Py/controllers/Logs.py: -3
[2018-07-20 17:57:37] EDIT Waf2Py/controllers/Network.py: 0
[2018-07-20 17:58:28] EDIT Waf2Py/controllers/Rewrite.py: -2
[2018-07-20 18:01:55] EDIT Waf2Py/controllers/default.py: -2
[2018-07-23 23:37:27] EDIT Waf2Py/models/db.py: 0
[2018-07-25 16:43:10] EDIT Waf2Py/views/default/index.html: 1
[2018-07-25 16:43:37] EDIT Waf2Py/views/default/index.html: 0
[2018-07-25 16:43:48] EDIT Waf2Py/views/default/index.html: 0
[2018-07-25 16:49:10] EDIT Waf2Py/views/default/index.html: 1
[2018-07-25 18:38:23] EDIT Waf2Py/views/default/index.html: -2
[2018-07-30 17:02:08] EDIT Waf2Py/controllers/Logs.py: 0
[2018-07-30 17:04:53] EDIT Waf2Py/controllers/default.py: 0
[2018-07-30 17:08:15] EDIT Waf2Py/controllers/default.py: 0
[2018-07-30 17:11:37] EDIT Waf2Py/controllers/default.py: 0
[2018-07-30 17:56:25] EDIT Waf2Py/modules/logs.py: 0
[2018-07-30 18:00:42] EDIT Waf2Py/modules/logs.py: 0
[2018-07-30 18:06:55] EDIT Waf2Py/models/db.py: 1
[2018-07-30 18:08:38] EDIT Waf2Py/models/db.py: -1
[2018-07-30 18:08:44] EDIT Waf2Py/models/db.py: 1
[2018-07-30 18:11:05] EDIT Waf2Py/views/layout_community.html: 1
[2018-07-30 18:12:32] EDIT Waf2Py/views/layout_community.html: -1
[2018-07-30 18:14:28] EDIT Waf2Py/models/db.py: 0
[2018-07-30 18:15:06] EDIT Waf2Py/models/db.py: 0
[2018-07-30 18:15:20] EDIT Waf2Py/models/db.py: 0
[2018-07-30 18:21:00] EDIT Waf2Py/models/db.py: 0
[2018-07-30 18:22:21] EDIT Waf2Py/models/db.py: 0
[2018-07-31 17:48:46] EDIT Waf2Py/models/db.py: 0
[2018-07-31 17:48:58] EDIT Waf2Py/models/db.py: 0
[2018-07-31 17:49:37] EDIT Waf2Py/views/layout_community.html: 0
[2018-07-31 17:50:38] EDIT Waf2Py/models/db.py: 0
[2018-07-31 17:50:39] EDIT Waf2Py/models/db.py: 0
[2018-07-31 17:50:54] EDIT Waf2Py/models/db.py: 0
