Mon May 14 21:02:28 EDT 2018 - Starting logs cleaning
Cleaning not usefull logs for: www.climbersoul.com
Logs cleaned
Tue May 15 10:14:56 EDT 2018 - Starting logs cleaning
Cleaning not usefull logs for: www.climbersoul.com
Logs cleaned
Sat Jun 30 00:29:13 EDT 2018 - Starting logs cleaning
Logs cleaned
Sat Jun 30 00:30:23 EDT 2018 - Starting logs cleaning
Cleaning not usefull logs for: www.climbersoul.com
Cleaning not usefull logs for: www.dragonjar.org
Logs cleaned
Reload Succesfull
Sat Jun 30 00:52:51 EDT 2018 - Starting logs cleaning
Cleaning not usefull logs for: www.climbersoul.com
Cleaning not usefull logs for: www.dragonjar.org
Logs cleaned
Sat Jun 30 02:00:01 EDT 2018 - Starting logs cleaning
Logs cleaned
Sat Jun 30 04:00:01 EDT 2018 - Starting logs cleaning
Logs cleaned
Sat Jun 30 06:00:01 EDT 2018 - Starting logs cleaning
Logs cleaned
Sat Jun 30 08:00:01 EDT 2018 - Starting logs cleaning
Logs cleaned
Sat Jun 30 10:00:01 EDT 2018 - Starting logs cleaning
Logs cleaned
Sat Jun 30 12:00:01 EDT 2018 - Starting logs cleaning
Logs cleaned
Sat Jun 30 14:00:01 EDT 2018 - Starting logs cleaning
Logs cleaned
Sat Jun 30 16:00:01 EDT 2018 - Starting logs cleaning
Logs cleaned
Sat Jun 30 18:00:01 EDT 2018 - Starting logs cleaning
Logs cleaned
Sat Jun 30 20:00:01 EDT 2018 - Starting logs cleaning
Logs cleaned
Sat Jun 30 22:00:01 EDT 2018 - Starting logs cleaning
Logs cleaned
Sun Jul  1 00:00:01 EDT 2018 - Starting logs cleaning
Logs cleaned
Sun Jul  1 02:00:02 EDT 2018 - Starting logs cleaning
Logs cleaned
Sun Jul  1 04:00:01 EDT 2018 - Starting logs cleaning
Logs cleaned
Sun Jul  1 06:00:01 EDT 2018 - Starting logs cleaning
Logs cleaned
Sun Jul  1 08:00:01 EDT 2018 - Starting logs cleaning
Logs cleaned
Sun Jul  1 10:00:01 EDT 2018 - Starting logs cleaning
Logs cleaned
Sun Jul  1 12:00:01 EDT 2018 - Starting logs cleaning
Logs cleaned
Sun Jul  1 14:00:01 EDT 2018 - Starting logs cleaning
Logs cleaned
Sun Jul  1 16:00:01 EDT 2018 - Starting logs cleaning
Logs cleaned
Sun Jul  1 18:00:01 EDT 2018 - Starting logs cleaning
Logs cleaned
Sun Jul  1 20:00:01 EDT 2018 - Starting logs cleaning
Logs cleaned
Sun Jul  1 22:00:01 EDT 2018 - Starting logs cleaning
Logs cleaned
Mon Jul  2 00:00:01 EDT 2018 - Starting logs cleaning
Logs cleaned
Mon Jul  2 02:00:01 EDT 2018 - Starting logs cleaning
Logs cleaned
Mon Jul  2 04:00:01 EDT 2018 - Starting logs cleaning
Logs cleaned
Mon Jul  2 06:00:01 EDT 2018 - Starting logs cleaning
Logs cleaned
Mon Jul  2 08:00:01 EDT 2018 - Starting logs cleaning
Logs cleaned
Mon Jul  2 10:00:01 EDT 2018 - Starting logs cleaning
Logs cleaned
Mon Jul  2 12:00:01 EDT 2018 - Starting logs cleaning
Logs cleaned
Mon Jul  2 14:00:01 EDT 2018 - Starting logs cleaning
Logs cleaned
Mon Jul  2 16:00:01 EDT 2018 - Starting logs cleaning
Logs cleaned
Mon Jul  2 18:00:01 EDT 2018 - Starting logs cleaning
Logs cleaned
Mon Jul  2 20:00:01 EDT 2018 - Starting logs cleaning
Logs cleaned
Mon Jul  2 22:00:01 EDT 2018 - Starting logs cleaning
Logs cleaned
Tue Jul  3 00:00:01 EDT 2018 - Starting logs cleaning
Logs cleaned
Tue Jul  3 02:00:01 EDT 2018 - Starting logs cleaning
Logs cleaned
Tue Jul  3 04:00:01 EDT 2018 - Starting logs cleaning
Logs cleaned
Tue Jul  3 06:00:01 EDT 2018 - Starting logs cleaning
Logs cleaned
Tue Jul  3 08:00:01 EDT 2018 - Starting logs cleaning
Logs cleaned
Tue Jul  3 10:00:01 EDT 2018 - Starting logs cleaning
Logs cleaned
Tue Jul  3 12:00:01 EDT 2018 - Starting logs cleaning
Logs cleaned
Tue Jul  3 14:00:01 EDT 2018 - Starting logs cleaning
Logs cleaned
Tue Jul  3 16:00:01 EDT 2018 - Starting logs cleaning
Logs cleaned
Tue Jul  3 18:00:01 EDT 2018 - Starting logs cleaning
Logs cleaned
Tue Jul  3 20:00:01 EDT 2018 - Starting logs cleaning
Logs cleaned
Tue Jul  3 22:00:01 EDT 2018 - Starting logs cleaning
Logs cleaned
Wed Jul  4 00:00:01 EDT 2018 - Starting logs cleaning
Logs cleaned
Wed Jul  4 02:00:01 EDT 2018 - Starting logs cleaning
Logs cleaned
Wed Jul  4 04:00:01 EDT 2018 - Starting logs cleaning
Logs cleaned
Wed Jul  4 06:00:01 EDT 2018 - Starting logs cleaning
Logs cleaned
Wed Jul  4 08:00:01 EDT 2018 - Starting logs cleaning
Logs cleaned
Wed Jul  4 10:00:01 EDT 2018 - Starting logs cleaning
Logs cleaned
Wed Jul  4 12:00:01 EDT 2018 - Starting logs cleaning
Logs cleaned
Wed Jul  4 14:00:01 EDT 2018 - Starting logs cleaning
Logs cleaned
Wed Jul  4 16:00:01 EDT 2018 - Starting logs cleaning
Logs cleaned
Wed Jul  4 18:00:01 EDT 2018 - Starting logs cleaning
Logs cleaned
Wed Jul  4 20:00:01 EDT 2018 - Starting logs cleaning
Logs cleaned
Wed Jul  4 22:00:01 EDT 2018 - Starting logs cleaning
Logs cleaned
Thu Jul  5 00:00:01 EDT 2018 - Starting logs cleaning
Logs cleaned
Thu Jul  5 02:00:01 EDT 2018 - Starting logs cleaning
Logs cleaned
Thu Jul  5 04:00:01 EDT 2018 - Starting logs cleaning
Logs cleaned
Thu Jul  5 06:00:01 EDT 2018 - Starting logs cleaning
Logs cleaned
Thu Jul  5 08:00:01 EDT 2018 - Starting logs cleaning
Logs cleaned
Thu Jul  5 10:00:01 EDT 2018 - Starting logs cleaning
Logs cleaned
Thu Jul  5 12:00:01 EDT 2018 - Starting logs cleaning
Logs cleaned
Thu Jul  5 14:00:01 EDT 2018 - Starting logs cleaning
Logs cleaned
Thu Jul  5 16:00:01 EDT 2018 - Starting logs cleaning
Logs cleaned
Thu Jul  5 18:00:01 EDT 2018 - Starting logs cleaning
Logs cleaned
Thu Jul  5 20:00:01 EDT 2018 - Starting logs cleaning
Logs cleaned
Thu Jul  5 22:00:01 EDT 2018 - Starting logs cleaning
Logs cleaned
Fri Jul  6 00:00:01 EDT 2018 - Starting logs cleaning
Logs cleaned
Fri Jul  6 02:00:01 EDT 2018 - Starting logs cleaning
Logs cleaned
Fri Jul  6 04:00:01 EDT 2018 - Starting logs cleaning
Logs cleaned
Fri Jul  6 06:00:01 EDT 2018 - Starting logs cleaning
Logs cleaned
Fri Jul  6 08:00:01 EDT 2018 - Starting logs cleaning
Logs cleaned
Fri Jul  6 10:00:01 EDT 2018 - Starting logs cleaning
Logs cleaned
Fri Jul  6 12:00:01 EDT 2018 - Starting logs cleaning
Logs cleaned
Fri Jul  6 14:00:01 EDT 2018 - Starting logs cleaning
Logs cleaned
Fri Jul  6 16:00:01 EDT 2018 - Starting logs cleaning
Logs cleaned
Fri Jul  6 18:00:01 EDT 2018 - Starting logs cleaning
Logs cleaned
Fri Jul  6 20:00:01 EDT 2018 - Starting logs cleaning
Logs cleaned
Fri Jul  6 22:00:01 EDT 2018 - Starting logs cleaning
Logs cleaned
Sat Jul  7 00:00:01 EDT 2018 - Starting logs cleaning
Logs cleaned
Sat Jul  7 02:00:01 EDT 2018 - Starting logs cleaning
Logs cleaned
Sat Jul  7 04:00:01 EDT 2018 - Starting logs cleaning
Logs cleaned
Sat Jul  7 06:00:01 EDT 2018 - Starting logs cleaning
Logs cleaned
Sat Jul  7 08:00:01 EDT 2018 - Starting logs cleaning
Logs cleaned
Sat Jul  7 10:00:01 EDT 2018 - Starting logs cleaning
Logs cleaned
Sat Jul  7 12:00:01 EDT 2018 - Starting logs cleaning
Logs cleaned
Sat Jul  7 14:00:01 EDT 2018 - Starting logs cleaning
Logs cleaned
Sat Jul  7 16:00:01 EDT 2018 - Starting logs cleaning
Logs cleaned
Sat Jul  7 18:00:01 EDT 2018 - Starting logs cleaning
Logs cleaned
Sat Jul  7 20:00:01 EDT 2018 - Starting logs cleaning
Logs cleaned
Sat Jul  7 22:00:01 EDT 2018 - Starting logs cleaning
Logs cleaned
Sun Jul  8 00:00:01 EDT 2018 - Starting logs cleaning
Logs cleaned
Sun Jul  8 02:00:01 EDT 2018 - Starting logs cleaning
Logs cleaned
Sun Jul  8 04:00:01 EDT 2018 - Starting logs cleaning
Logs cleaned
Sun Jul  8 06:00:01 EDT 2018 - Starting logs cleaning
Logs cleaned
Sun Jul  8 08:00:01 EDT 2018 - Starting logs cleaning
Logs cleaned
Sun Jul  8 10:00:01 EDT 2018 - Starting logs cleaning
Logs cleaned
Sun Jul  8 12:00:01 EDT 2018 - Starting logs cleaning
Logs cleaned
Sun Jul  8 14:00:01 EDT 2018 - Starting logs cleaning
Logs cleaned
Sun Jul  8 16:00:01 EDT 2018 - Starting logs cleaning
Logs cleaned
Sun Jul  8 18:00:01 EDT 2018 - Starting logs cleaning
Logs cleaned
Sun Jul  8 20:00:01 EDT 2018 - Starting logs cleaning
Logs cleaned
Sun Jul  8 22:00:01 EDT 2018 - Starting logs cleaning
Logs cleaned
Mon Jul  9 00:00:01 EDT 2018 - Starting logs cleaning
Logs cleaned
Mon Jul  9 02:00:01 EDT 2018 - Starting logs cleaning
Logs cleaned
Mon Jul  9 04:00:01 EDT 2018 - Starting logs cleaning
Logs cleaned
Mon Jul  9 06:00:01 EDT 2018 - Starting logs cleaning
Logs cleaned
Mon Jul  9 08:00:01 EDT 2018 - Starting logs cleaning
Logs cleaned
Mon Jul  9 10:00:01 EDT 2018 - Starting logs cleaning
Logs cleaned
Mon Jul  9 10:53:11 EDT 2018 - Removing temporal files in static/logs
Files deleted
Mon Jul  9 12:00:01 EDT 2018 - Removing temporal files in static/logs
Files deleted
Mon Jul  9 12:00:01 EDT 2018 - Starting logs cleaning
Logs cleaned
Mon Jul  9 14:00:01 EDT 2018 - Removing temporal files in static/logs
Files deleted
Mon Jul  9 14:00:01 EDT 2018 - Starting logs cleaning
Cleaning not usefull logs for: www.climbersoul.com
37 logs removed because their are ligitimal request
Logs cleaned
Reloading nginx
Reload Succesfull
Mon Jul  9 16:00:01 EDT 2018 - Removing temporal files in static/logs
Files deleted
Mon Jul  9 16:00:01 EDT 2018 - Starting logs cleaning
Cleaning not usefull logs for: www.climbersoul.com
4 logs removed because their are ligitimal request
Logs cleaned
Reloading nginx
Reload Succesfull
Mon Jul  9 18:00:01 EDT 2018 - Removing temporal files in static/logs
Files deleted
Mon Jul  9 18:00:01 EDT 2018 - Starting logs cleaning
Cleaning not usefull logs for: www.climbersoul.com
1 logs removed because their are ligitimal request
Logs cleaned
Reloading nginx
Reload Succesfull
Mon Jul  9 20:00:01 EDT 2018 - Removing temporal files in static/logs
Files deleted
Mon Jul  9 20:00:01 EDT 2018 - Starting logs cleaning
Cleaning not usefull logs for: www.climbersoul.com
1 logs removed because their are ligitimal request
Logs cleaned
Reloading nginx
Reload Succesfull
Mon Jul  9 22:00:01 EDT 2018 - Removing temporal files in static/logs
Files deleted
Mon Jul  9 22:00:01 EDT 2018 - Starting logs cleaning
Cleaning not usefull logs for: www.climbersoul.com
1 logs removed because their are ligitimal request
Logs cleaned
Reloading nginx
Reload Succesfull
Tue Jul 10 00:00:01 EDT 2018 - Removing temporal files in static/logs
Files deleted
Tue Jul 10 00:00:01 EDT 2018 - Starting logs cleaning
Cleaning not usefull logs for: www.climbersoul.com
1 logs removed because their are ligitimal request
Logs cleaned
Reloading nginx
Reload Succesfull
Tue Jul 10 02:00:01 EDT 2018 - Removing temporal files in static/logs
Files deleted
Tue Jul 10 02:00:01 EDT 2018 - Starting logs cleaning
Cleaning not usefull logs for: www.climbersoul.com
1 logs removed because their are ligitimal request
Logs cleaned
Reloading nginx
Reload Succesfull
Tue Jul 10 04:00:01 EDT 2018 - Removing temporal files in static/logs
Files deleted
Tue Jul 10 04:00:01 EDT 2018 - Starting logs cleaning
Cleaning not usefull logs for: www.climbersoul.com
1 logs removed because their are ligitimal request
Logs cleaned
Reloading nginx
Reload Succesfull
Tue Jul 10 06:00:01 EDT 2018 - Removing temporal files in static/logs
Files deleted
Tue Jul 10 06:00:01 EDT 2018 - Starting logs cleaning
Cleaning not usefull logs for: www.climbersoul.com
1 logs removed because their are ligitimal request
Logs cleaned
Reloading nginx
Reload Succesfull
Tue Jul 10 08:00:01 EDT 2018 - Removing temporal files in static/logs
Files deleted
Tue Jul 10 08:00:01 EDT 2018 - Starting logs cleaning
Cleaning not usefull logs for: www.climbersoul.com
1 logs removed because their are ligitimal request
Logs cleaned
Reloading nginx
Reload Succesfull
Tue Jul 10 10:00:01 EDT 2018 - Removing temporal files in static/logs
Files deleted
Tue Jul 10 10:00:01 EDT 2018 - Starting logs cleaning
Cleaning not usefull logs for: www.climbersoul.com
1 logs removed because their are ligitimal request
Logs cleaned
Reloading nginx
Reload Succesfull
Tue Jul 10 12:00:01 EDT 2018 - Removing temporal files in static/logs
Files deleted
Tue Jul 10 12:00:01 EDT 2018 - Starting logs cleaning
Cleaning not usefull logs for: www.climbersoul.com
1 logs removed because their are ligitimal request
Logs cleaned
Reloading nginx
Reload Succesfull
Tue Jul 10 14:00:01 EDT 2018 - Removing temporal files in static/logs
Files deleted
Tue Jul 10 14:00:01 EDT 2018 - Starting logs cleaning
Cleaning not usefull logs for: www.climbersoul.com
1 logs removed because their are ligitimal request
Logs cleaned
Reloading nginx
Reload Succesfull
Tue Jul 10 16:00:01 EDT 2018 - Removing temporal files in static/logs
Files deleted
Tue Jul 10 16:00:01 EDT 2018 - Starting logs cleaning
Cleaning not usefull logs for: www.climbersoul.com
1 logs removed because their are ligitimal request
Logs cleaned
Reloading nginx
Reload Succesfull
Tue Jul 10 18:00:01 EDT 2018 - Removing temporal files in static/logs
Files deleted
Tue Jul 10 18:00:01 EDT 2018 - Starting logs cleaning
Cleaning not usefull logs for: www.climbersoul.com
1 logs removed because their are ligitimal request
Logs cleaned
Reloading nginx
Reload Succesfull
Tue Jul 10 20:00:01 EDT 2018 - Removing temporal files in static/logs
Files deleted
Tue Jul 10 20:00:01 EDT 2018 - Starting logs cleaning
Cleaning not usefull logs for: www.climbersoul.com
1 logs removed because their are ligitimal request
Logs cleaned
Reloading nginx
Reload Succesfull
Tue Jul 10 22:00:01 EDT 2018 - Removing temporal files in static/logs
Files deleted
Tue Jul 10 22:00:01 EDT 2018 - Starting logs cleaning
Cleaning not usefull logs for: www.climbersoul.com
1 logs removed because their are ligitimal request
Logs cleaned
Reloading nginx
Reload Succesfull
Wed Jul 11 00:00:01 EDT 2018 - Removing temporal files in static/logs
Files deleted
Wed Jul 11 00:00:01 EDT 2018 - Starting logs cleaning
Cleaning not usefull logs for: www.climbersoul.com
1 logs removed because their are ligitimal request
Logs cleaned
Reloading nginx
Reload Succesfull
Wed Jul 11 02:00:01 EDT 2018 - Removing temporal files in static/logs
Files deleted
Wed Jul 11 02:00:01 EDT 2018 - Starting logs cleaning
Cleaning not usefull logs for: www.climbersoul.com
1 logs removed because their are ligitimal request
Logs cleaned
Reloading nginx
Reload Succesfull
Wed Jul 11 04:00:01 EDT 2018 - Removing temporal files in static/logs
Files deleted
Wed Jul 11 04:00:01 EDT 2018 - Starting logs cleaning
Cleaning not usefull logs for: www.climbersoul.com
1 logs removed because their are ligitimal request
Logs cleaned
Reloading nginx
Reload Succesfull
Wed Jul 11 06:00:01 EDT 2018 - Removing temporal files in static/logs
Files deleted
Wed Jul 11 06:00:01 EDT 2018 - Starting logs cleaning
Cleaning not usefull logs for: www.climbersoul.com
1 logs removed because their are ligitimal request
Logs cleaned
Reloading nginx
Reload Succesfull
Wed Jul 11 08:00:01 EDT 2018 - Removing temporal files in static/logs
Files deleted
Wed Jul 11 08:00:01 EDT 2018 - Starting logs cleaning
Cleaning not usefull logs for: www.climbersoul.com
1 logs removed because their are ligitimal request
Logs cleaned
Reloading nginx
Reload Succesfull
Wed Jul 11 10:00:01 EDT 2018 - Removing temporal files in static/logs
Files deleted
Wed Jul 11 10:00:01 EDT 2018 - Starting logs cleaning
Cleaning not usefull logs for: www.climbersoul.com
1 logs removed because their are ligitimal request
Logs cleaned
Reloading nginx
Reload Succesfull
Wed Jul 11 12:00:01 EDT 2018 - Removing temporal files in static/logs
Files deleted
Wed Jul 11 12:00:01 EDT 2018 - Starting logs cleaning
Cleaning not usefull logs for: www.climbersoul.com
10 logs removed because their are ligitimal request
Logs cleaned
Reloading nginx
Wed Jul 11 14:00:01 EDT 2018 - Removing temporal files in static/logs
Files deleted
Wed Jul 11 14:00:01 EDT 2018 - Starting logs cleaning
Cleaning not usefull logs for: www.climbersoul.com
1 logs removed because their are ligitimal request
Logs cleaned
Reloading nginx
Wed Jul 11 16:00:01 EDT 2018 - Removing temporal files in static/logs
Files deleted
Wed Jul 11 16:00:01 EDT 2018 - Starting logs cleaning
Cleaning not usefull logs for: www.climbersoul.com
1 logs removed because their are ligitimal request
Logs cleaned
Reloading nginx
Wed Jul 11 18:00:01 EDT 2018 - Removing temporal files in static/logs
Files deleted
Wed Jul 11 18:00:01 EDT 2018 - Starting logs cleaning
Cleaning not usefull logs for: www.climbersoul.com
1 logs removed because their are ligitimal request
Logs cleaned
Reloading nginx
Wed Jul 11 20:00:01 EDT 2018 - Removing temporal files in static/logs
Files deleted
Wed Jul 11 20:00:01 EDT 2018 - Starting logs cleaning
Cleaning not usefull logs for: www.climbersoul.com
1 logs removed because their are ligitimal request
Logs cleaned
Reloading nginx
Wed Jul 11 22:00:01 EDT 2018 - Removing temporal files in static/logs
Files deleted
Wed Jul 11 22:00:01 EDT 2018 - Starting logs cleaning
Cleaning not usefull logs for: www.climbersoul.com
1 logs removed because their are ligitimal request
Logs cleaned
Reloading nginx
Thu Jul 12 00:00:01 EDT 2018 - Removing temporal files in static/logs
Files deleted
Thu Jul 12 00:00:01 EDT 2018 - Starting logs cleaning
Cleaning not usefull logs for: www.climbersoul.com
2 logs removed because their are ligitimal request
Logs cleaned
Reloading nginx
Thu Jul 12 02:00:01 EDT 2018 - Removing temporal files in static/logs
Files deleted
Thu Jul 12 02:00:01 EDT 2018 - Starting logs cleaning
Cleaning not usefull logs for: www.climbersoul.com
7 logs removed because their are ligitimal request
Logs cleaned
Reloading nginx
Reload Succesfull
Thu Jul 12 04:00:01 EDT 2018 - Removing temporal files in static/logs
Files deleted
Thu Jul 12 04:00:01 EDT 2018 - Starting logs cleaning
Cleaning not usefull logs for: www.climbersoul.com
1 logs removed because their are ligitimal request
Logs cleaned
Reloading nginx
Reload Succesfull
Thu Jul 12 06:00:01 EDT 2018 - Removing temporal files in static/logs
Files deleted
Thu Jul 12 06:00:01 EDT 2018 - Starting logs cleaning
Cleaning not usefull logs for: www.climbersoul.com
1 logs removed because their are ligitimal request
Logs cleaned
Reloading nginx
Reload Succesfull
Thu Jul 12 08:00:01 EDT 2018 - Removing temporal files in static/logs
Files deleted
Thu Jul 12 08:00:01 EDT 2018 - Starting logs cleaning
Cleaning not usefull logs for: www.climbersoul.com
1 logs removed because their are ligitimal request
Logs cleaned
Reloading nginx
Reload Succesfull
Thu Jul 12 10:00:01 EDT 2018 - Removing temporal files in static/logs
Files deleted
Thu Jul 12 10:00:01 EDT 2018 - Starting logs cleaning
Cleaning not usefull logs for: www.climbersoul.com
1 logs removed because their are ligitimal request
Logs cleaned
Reloading nginx
Reload Succesfull
Thu Jul 12 12:00:01 EDT 2018 - Removing temporal files in static/logs
Files deleted
Thu Jul 12 12:00:01 EDT 2018 - Starting logs cleaning
Cleaning not usefull logs for: www.climbersoul.com
1 logs removed because their are ligitimal request
Logs cleaned
Reloading nginx
Reload Succesfull
Thu Jul 12 14:00:01 EDT 2018 - Removing temporal files in static/logs
Files deleted
Thu Jul 12 14:00:01 EDT 2018 - Starting logs cleaning
Cleaning not usefull logs for: www.climbersoul.com
1 logs removed because their are ligitimal request
Logs cleaned
Reloading nginx
Reload Succesfull
Thu Jul 12 16:00:01 EDT 2018 - Removing temporal files in static/logs
Files deleted
Thu Jul 12 16:00:01 EDT 2018 - Starting logs cleaning
Cleaning not usefull logs for: www.climbersoul.com
1 logs removed because their are ligitimal request
Logs cleaned
Reloading nginx
Reload Succesfull
Thu Jul 12 18:00:01 EDT 2018 - Removing temporal files in static/logs
Files deleted
Thu Jul 12 18:00:01 EDT 2018 - Starting logs cleaning
Cleaning not usefull logs for: www.climbersoul.com
2 logs removed because their are ligitimal request
Logs cleaned
Reloading nginx
Reload Succesfull
Thu Jul 12 20:00:01 EDT 2018 - Removing temporal files in static/logs
Files deleted
Thu Jul 12 20:00:01 EDT 2018 - Starting logs cleaning
Cleaning not usefull logs for: www.climbersoul.com
1 logs removed because their are ligitimal request
Logs cleaned
Reloading nginx
Reload Succesfull
Thu Jul 12 22:00:01 EDT 2018 - Removing temporal files in static/logs
Files deleted
Thu Jul 12 22:00:01 EDT 2018 - Starting logs cleaning
Cleaning not usefull logs for: www.climbersoul.com
1 logs removed because their are ligitimal request
Logs cleaned
Reloading nginx
Reload Succesfull
Fri Jul 13 00:00:01 EDT 2018 - Removing temporal files in static/logs
Files deleted
Fri Jul 13 00:00:01 EDT 2018 - Starting logs cleaning
Cleaning not usefull logs for: www.climbersoul.com
1 logs removed because their are ligitimal request
Logs cleaned
Reloading nginx
Reload Succesfull
Fri Jul 13 02:00:01 EDT 2018 - Removing temporal files in static/logs
Files deleted
Fri Jul 13 02:00:01 EDT 2018 - Starting logs cleaning
Cleaning not usefull logs for: www.climbersoul.com
1 logs removed because their are ligitimal request
Logs cleaned
Reloading nginx
Reload Succesfull
Fri Jul 13 04:00:01 EDT 2018 - Removing temporal files in static/logs
Files deleted
Fri Jul 13 04:00:01 EDT 2018 - Starting logs cleaning
Cleaning not usefull logs for: www.climbersoul.com
1 logs removed because their are ligitimal request
Logs cleaned
Reloading nginx
Reload Succesfull
Fri Jul 13 06:00:01 EDT 2018 - Removing temporal files in static/logs
Files deleted
Fri Jul 13 06:00:01 EDT 2018 - Starting logs cleaning
Cleaning not usefull logs for: www.climbersoul.com
1 logs removed because their are ligitimal request
Logs cleaned
Reloading nginx
Reload Succesfull
Fri Jul 13 08:00:01 EDT 2018 - Removing temporal files in static/logs
Files deleted
Fri Jul 13 08:00:01 EDT 2018 - Starting logs cleaning
Cleaning not usefull logs for: www.climbersoul.com
1 logs removed because their are ligitimal request
Logs cleaned
Reloading nginx
Reload Succesfull
Fri Jul 13 10:00:01 EDT 2018 - Removing temporal files in static/logs
Files deleted
Fri Jul 13 10:00:01 EDT 2018 - Starting logs cleaning
Cleaning not usefull logs for: www.climbersoul.com
1 logs removed because their are ligitimal request
Logs cleaned
Reloading nginx
Reload Succesfull
Fri Jul 13 12:00:01 EDT 2018 - Removing temporal files in static/logs
Files deleted
Fri Jul 13 12:00:01 EDT 2018 - Starting logs cleaning
Cleaning not usefull logs for: www.climbersoul.com
1 logs removed because their are ligitimal request
Logs cleaned
Reloading nginx
Reload Succesfull
Fri Jul 13 14:00:01 EDT 2018 - Removing temporal files in static/logs
Files deleted
Fri Jul 13 14:00:01 EDT 2018 - Starting logs cleaning
Cleaning not usefull logs for: www.climbersoul.com
1 logs removed because their are ligitimal request
Logs cleaned
Reloading nginx
Reload Succesfull
Fri Jul 13 16:00:01 EDT 2018 - Removing temporal files in static/logs
Files deleted
Fri Jul 13 16:00:01 EDT 2018 - Starting logs cleaning
Cleaning not usefull logs for: www.climbersoul.com
1 logs removed because their are ligitimal request
Logs cleaned
Reloading nginx
Reload Succesfull
Fri Jul 13 18:00:01 EDT 2018 - Removing temporal files in static/logs
Files deleted
Fri Jul 13 18:00:01 EDT 2018 - Starting logs cleaning
Cleaning not usefull logs for: www.climbersoul.com
1 logs removed because their are ligitimal request
Logs cleaned
Reloading nginx
Reload Succesfull
Fri Jul 13 20:00:01 EDT 2018 - Removing temporal files in static/logs
Files deleted
Fri Jul 13 20:00:01 EDT 2018 - Starting logs cleaning
Cleaning not usefull logs for: www.climbersoul.com
1 logs removed because their are ligitimal request
Logs cleaned
Reloading nginx
Reload Succesfull
Fri Jul 13 22:00:01 EDT 2018 - Removing temporal files in static/logs
Files deleted
Fri Jul 13 22:00:01 EDT 2018 - Starting logs cleaning
Cleaning not usefull logs for: www.climbersoul.com
1 logs removed because their are ligitimal request
Logs cleaned
Reloading nginx
Reload Succesfull
Sat Jul 14 00:00:01 EDT 2018 - Removing temporal files in static/logs
Files deleted
Sat Jul 14 00:00:01 EDT 2018 - Starting logs cleaning
Cleaning not usefull logs for: www.climbersoul.com
1 logs removed because their are ligitimal request
Logs cleaned
Reloading nginx
Reload Succesfull
Sat Jul 14 02:00:01 EDT 2018 - Removing temporal files in static/logs
Files deleted
Sat Jul 14 02:00:01 EDT 2018 - Starting logs cleaning
Cleaning not usefull logs for: www.climbersoul.com
1 logs removed because their are ligitimal request
Logs cleaned
Reloading nginx
Reload Succesfull
Sat Jul 14 04:00:01 EDT 2018 - Removing temporal files in static/logs
Files deleted
Sat Jul 14 04:00:01 EDT 2018 - Starting logs cleaning
Cleaning not usefull logs for: www.climbersoul.com
1 logs removed because their are ligitimal request
Logs cleaned
Reloading nginx
Reload Succesfull
Sat Jul 14 06:00:01 EDT 2018 - Removing temporal files in static/logs
Files deleted
Sat Jul 14 06:00:01 EDT 2018 - Starting logs cleaning
Cleaning not usefull logs for: www.climbersoul.com
1 logs removed because their are ligitimal request
Logs cleaned
Reloading nginx
Reload Succesfull
Sat Jul 14 08:00:01 EDT 2018 - Removing temporal files in static/logs
Files deleted
Sat Jul 14 08:00:01 EDT 2018 - Starting logs cleaning
Cleaning not usefull logs for: www.climbersoul.com
1 logs removed because their are ligitimal request
Logs cleaned
Reloading nginx
Reload Succesfull
Sat Jul 14 10:00:01 EDT 2018 - Removing temporal files in static/logs
Files deleted
Sat Jul 14 10:00:01 EDT 2018 - Starting logs cleaning
Cleaning not usefull logs for: www.climbersoul.com
1 logs removed because their are ligitimal request
Logs cleaned
Reloading nginx
Reload Succesfull
Sat Jul 14 12:00:01 EDT 2018 - Removing temporal files in static/logs
Files deleted
Sat Jul 14 12:00:01 EDT 2018 - Starting logs cleaning
Cleaning not usefull logs for: www.climbersoul.com
1 logs removed because their are ligitimal request
Logs cleaned
Reloading nginx
Reload Succesfull
Sat Jul 14 14:00:01 EDT 2018 - Removing temporal files in static/logs
Files deleted
Sat Jul 14 14:00:01 EDT 2018 - Starting logs cleaning
Cleaning not usefull logs for: www.climbersoul.com
1 logs removed because their are ligitimal request
Logs cleaned
Reloading nginx
Reload Succesfull
Sat Jul 14 16:00:01 EDT 2018 - Removing temporal files in static/logs
Files deleted
Sat Jul 14 16:00:01 EDT 2018 - Starting logs cleaning
Cleaning not usefull logs for: www.climbersoul.com
1 logs removed because their are ligitimal request
Logs cleaned
Reloading nginx
Reload Succesfull
Sat Jul 14 18:00:01 EDT 2018 - Removing temporal files in static/logs
Files deleted
Sat Jul 14 18:00:01 EDT 2018 - Starting logs cleaning
Cleaning not usefull logs for: www.climbersoul.com
1 logs removed because their are ligitimal request
Logs cleaned
Reloading nginx
Reload Succesfull
Sat Jul 14 20:00:01 EDT 2018 - Removing temporal files in static/logs
Files deleted
Sat Jul 14 20:00:01 EDT 2018 - Starting logs cleaning
Cleaning not usefull logs for: www.climbersoul.com
1 logs removed because their are ligitimal request
Logs cleaned
Reloading nginx
Reload Succesfull
Sat Jul 14 22:00:01 EDT 2018 - Removing temporal files in static/logs
Files deleted
Sat Jul 14 22:00:01 EDT 2018 - Starting logs cleaning
Cleaning not usefull logs for: www.climbersoul.com
1 logs removed because their are ligitimal request
Logs cleaned
Reloading nginx
Reload Succesfull
Sun Jul 15 00:00:01 EDT 2018 - Removing temporal files in static/logs
Files deleted
Sun Jul 15 00:00:01 EDT 2018 - Starting logs cleaning
Cleaning not usefull logs for: www.climbersoul.com
1 logs removed because their are ligitimal request
Logs cleaned
Reloading nginx
Reload Succesfull
Sun Jul 15 02:00:01 EDT 2018 - Removing temporal files in static/logs
Files deleted
Sun Jul 15 02:00:01 EDT 2018 - Starting logs cleaning
Cleaning not usefull logs for: www.climbersoul.com
1 logs removed because their are ligitimal request
Logs cleaned
Reloading nginx
Reload Succesfull
Sun Jul 15 04:00:01 EDT 2018 - Removing temporal files in static/logs
Files deleted
Sun Jul 15 04:00:01 EDT 2018 - Starting logs cleaning
Cleaning not usefull logs for: www.climbersoul.com
1 logs removed because their are ligitimal request
Logs cleaned
Reloading nginx
Reload Succesfull
Sun Jul 15 06:00:01 EDT 2018 - Removing temporal files in static/logs
Files deleted
Sun Jul 15 06:00:01 EDT 2018 - Starting logs cleaning
Cleaning not usefull logs for: www.climbersoul.com
1 logs removed because their are ligitimal request
Logs cleaned
Reloading nginx
Reload Succesfull
Sun Jul 15 08:00:01 EDT 2018 - Removing temporal files in static/logs
Files deleted
Sun Jul 15 08:00:01 EDT 2018 - Starting logs cleaning
Cleaning not usefull logs for: www.climbersoul.com
1 logs removed because their are ligitimal request
Logs cleaned
Reloading nginx
Reload Succesfull
Sun Jul 15 10:00:01 EDT 2018 - Removing temporal files in static/logs
Files deleted
Sun Jul 15 10:00:01 EDT 2018 - Starting logs cleaning
Cleaning not usefull logs for: www.climbersoul.com
1 logs removed because their are ligitimal request
Logs cleaned
Reloading nginx
Reload Succesfull
Sun Jul 15 12:00:01 EDT 2018 - Removing temporal files in static/logs
Files deleted
Sun Jul 15 12:00:01 EDT 2018 - Starting logs cleaning
Cleaning not usefull logs for: www.climbersoul.com
1 logs removed because their are ligitimal request
Logs cleaned
Reloading nginx
Reload Succesfull
Sun Jul 15 14:00:01 EDT 2018 - Removing temporal files in static/logs
Files deleted
Sun Jul 15 14:00:01 EDT 2018 - Starting logs cleaning
Cleaning not usefull logs for: www.climbersoul.com
1 logs removed because their are ligitimal request
Logs cleaned
Reloading nginx
Reload Succesfull
Sun Jul 15 16:00:01 EDT 2018 - Removing temporal files in static/logs
Files deleted
Sun Jul 15 16:00:01 EDT 2018 - Starting logs cleaning
Cleaning not usefull logs for: www.climbersoul.com
1 logs removed because their are ligitimal request
Logs cleaned
Reloading nginx
Reload Succesfull
Sun Jul 15 18:00:01 EDT 2018 - Removing temporal files in static/logs
Files deleted
Sun Jul 15 18:00:01 EDT 2018 - Starting logs cleaning
Cleaning not usefull logs for: www.climbersoul.com
1 logs removed because their are ligitimal request
Logs cleaned
Reloading nginx
Reload Succesfull
Sun Jul 15 20:00:01 EDT 2018 - Removing temporal files in static/logs
Files deleted
Sun Jul 15 20:00:01 EDT 2018 - Starting logs cleaning
Cleaning not usefull logs for: www.climbersoul.com
1 logs removed because their are ligitimal request
Logs cleaned
Reloading nginx
Reload Succesfull
Sun Jul 15 22:00:01 EDT 2018 - Removing temporal files in static/logs
Files deleted
Sun Jul 15 22:00:01 EDT 2018 - Starting logs cleaning
Cleaning not usefull logs for: www.climbersoul.com
1 logs removed because their are ligitimal request
Logs cleaned
Reloading nginx
Reload Succesfull
Mon Jul 16 00:00:01 EDT 2018 - Removing temporal files in static/logs
Files deleted
Mon Jul 16 00:00:01 EDT 2018 - Starting logs cleaning
Cleaning not usefull logs for: www.climbersoul.com
1 logs removed because their are ligitimal request
Logs cleaned
Reloading nginx
Reload Succesfull
Mon Jul 16 02:00:01 EDT 2018 - Removing temporal files in static/logs
Files deleted
Mon Jul 16 02:00:01 EDT 2018 - Starting logs cleaning
Cleaning not usefull logs for: www.climbersoul.com
1 logs removed because their are ligitimal request
Logs cleaned
Reloading nginx
Reload Succesfull
Mon Jul 16 04:00:01 EDT 2018 - Removing temporal files in static/logs
Files deleted
Mon Jul 16 04:00:01 EDT 2018 - Starting logs cleaning
Cleaning not usefull logs for: www.climbersoul.com
1 logs removed because their are ligitimal request
Logs cleaned
Reloading nginx
Reload Succesfull
Mon Jul 16 06:00:01 EDT 2018 - Removing temporal files in static/logs
Files deleted
Mon Jul 16 06:00:01 EDT 2018 - Starting logs cleaning
Cleaning not usefull logs for: www.climbersoul.com
1 logs removed because their are ligitimal request
Logs cleaned
Reloading nginx
Reload Succesfull
Mon Jul 16 08:00:01 EDT 2018 - Removing temporal files in static/logs
Files deleted
Mon Jul 16 08:00:01 EDT 2018 - Starting logs cleaning
Cleaning not usefull logs for: www.climbersoul.com
1 logs removed because their are ligitimal request
Logs cleaned
Reloading nginx
Reload Succesfull
Mon Jul 16 10:00:01 EDT 2018 - Removing temporal files in static/logs
Files deleted
Mon Jul 16 10:00:01 EDT 2018 - Starting logs cleaning
Cleaning not usefull logs for: www.climbersoul.com
1 logs removed because their are ligitimal request
Logs cleaned
Reloading nginx
Reload Succesfull
Mon Jul 16 12:00:01 EDT 2018 - Removing temporal files in static/logs
Files deleted
Mon Jul 16 12:00:01 EDT 2018 - Starting logs cleaning
Cleaning not usefull logs for: www.climbersoul.com
1 logs removed because their are ligitimal request
Logs cleaned
Reloading nginx
Reload Succesfull
Mon Jul 16 14:00:01 EDT 2018 - Removing temporal files in static/logs
Files deleted
Mon Jul 16 14:00:01 EDT 2018 - Starting logs cleaning
Cleaning not usefull logs for: www.climbersoul.com
1 logs removed because their are ligitimal request
Logs cleaned
Reloading nginx
Reload Succesfull
Mon Jul 16 16:00:01 EDT 2018 - Removing temporal files in static/logs
Files deleted
Mon Jul 16 16:00:01 EDT 2018 - Starting logs cleaning
Cleaning not usefull logs for: www.climbersoul.com
1 logs removed because their are ligitimal request
Logs cleaned
Reloading nginx
Reload Succesfull
Mon Jul 16 18:00:01 EDT 2018 - Removing temporal files in static/logs
Files deleted
Mon Jul 16 18:00:01 EDT 2018 - Starting logs cleaning
Cleaning not usefull logs for: www.climbersoul.com
1 logs removed because their are ligitimal request
Logs cleaned
Reloading nginx
Reload Succesfull
Mon Jul 16 20:00:01 EDT 2018 - Removing temporal files in static/logs
Files deleted
Mon Jul 16 20:00:01 EDT 2018 - Starting logs cleaning
Cleaning not usefull logs for: www.climbersoul.com
1 logs removed because their are ligitimal request
Logs cleaned
Reloading nginx
Reload Succesfull
Mon Jul 16 22:00:01 EDT 2018 - Removing temporal files in static/logs
Files deleted
Mon Jul 16 22:00:01 EDT 2018 - Starting logs cleaning
Cleaning not usefull logs for: www.climbersoul.com
1 logs removed because their are ligitimal request
Logs cleaned
Reloading nginx
Reload Succesfull
Tue Jul 17 00:00:01 EDT 2018 - Removing temporal files in static/logs
Files deleted
Tue Jul 17 00:00:01 EDT 2018 - Starting logs cleaning
Cleaning not usefull logs for: www.climbersoul.com
1 logs removed because their are ligitimal request
Logs cleaned
Reloading nginx
Reload Succesfull
Tue Jul 17 02:00:01 EDT 2018 - Removing temporal files in static/logs
Files deleted
Tue Jul 17 02:00:01 EDT 2018 - Starting logs cleaning
Cleaning not usefull logs for: www.climbersoul.com
1 logs removed because their are ligitimal request
Logs cleaned
Reloading nginx
Reload Succesfull
Tue Jul 17 04:00:01 EDT 2018 - Removing temporal files in static/logs
Files deleted
Tue Jul 17 04:00:01 EDT 2018 - Starting logs cleaning
Cleaning not usefull logs for: www.climbersoul.com
1 logs removed because their are ligitimal request
Logs cleaned
Reloading nginx
Reload Succesfull
Tue Jul 17 06:00:01 EDT 2018 - Removing temporal files in static/logs
Files deleted
Tue Jul 17 06:00:01 EDT 2018 - Starting logs cleaning
Cleaning not usefull logs for: www.climbersoul.com
1 logs removed because their are ligitimal request
Logs cleaned
Reloading nginx
Reload Succesfull
Tue Jul 17 08:00:01 EDT 2018 - Removing temporal files in static/logs
Files deleted
Tue Jul 17 08:00:01 EDT 2018 - Starting logs cleaning
Cleaning not usefull logs for: www.climbersoul.com
1 logs removed because their are ligitimal request
Logs cleaned
Reloading nginx
Reload Succesfull
Tue Jul 17 10:00:01 EDT 2018 - Removing temporal files in static/logs
Files deleted
Tue Jul 17 10:00:01 EDT 2018 - Starting logs cleaning
Cleaning not usefull logs for: www.climbersoul.com
1 logs removed because their are ligitimal request
Logs cleaned
Reloading nginx
Reload Succesfull
Tue Jul 17 12:00:01 EDT 2018 - Removing temporal files in static/logs
Files deleted
Tue Jul 17 12:00:01 EDT 2018 - Starting logs cleaning
Cleaning not usefull logs for: www.climbersoul.com
1 logs removed because their are ligitimal request
Logs cleaned
Reloading nginx
Reload Succesfull
Tue Jul 17 14:00:01 EDT 2018 - Removing temporal files in static/logs
Files deleted
Tue Jul 17 14:00:01 EDT 2018 - Starting logs cleaning
Cleaning not usefull logs for: www.climbersoul.com
1 logs removed because their are ligitimal request
Logs cleaned
Reloading nginx
Reload Succesfull
Tue Jul 17 16:00:01 EDT 2018 - Removing temporal files in static/logs
Files deleted
Tue Jul 17 16:00:01 EDT 2018 - Starting logs cleaning
Cleaning not usefull logs for: www.climbersoul.com
1 logs removed because their are ligitimal request
Logs cleaned
Reloading nginx
Failed, nginx is not running
Tue Jul 17 18:00:01 EDT 2018 - Removing temporal files in static/logs
Files deleted
Tue Jul 17 18:00:01 EDT 2018 - Starting logs cleaning
Cleaning not usefull logs for: www.climbersoul.com
0 logs removed because their are ligitimal request
Cleaning not usefull logs for: formulariosdigital.servicioscca.cl
1 logs removed because their are ligitimal request
Logs cleaned
Reloading nginx
Reload Succesfull
Tue Jul 17 20:00:01 EDT 2018 - Removing temporal files in static/logs
Files deleted
Tue Jul 17 20:00:01 EDT 2018 - Starting logs cleaning
Cleaning not usefull logs for: www.climbersoul.com
0 logs removed because their are ligitimal request
Cleaning not usefull logs for: formulariosdigital.servicioscca.cl
1 logs removed because their are ligitimal request
Logs cleaned
Reloading nginx
Reload Succesfull
Tue Jul 17 22:00:01 EDT 2018 - Removing temporal files in static/logs
Files deleted
Tue Jul 17 22:00:01 EDT 2018 - Starting logs cleaning
Cleaning not usefull logs for: www.climbersoul.com
0 logs removed because their are ligitimal request
Cleaning not usefull logs for: formulariosdigital.servicioscca.cl
1 logs removed because their are ligitimal request
Logs cleaned
Reloading nginx
Reload Succesfull
Wed Jul 18 00:00:01 EDT 2018 - Removing temporal files in static/logs
Files deleted
Wed Jul 18 00:00:01 EDT 2018 - Starting logs cleaning
Cleaning not usefull logs for: www.climbersoul.com
0 logs removed because their are ligitimal request
Cleaning not usefull logs for: formulariosdigital.servicioscca.cl
1 logs removed because their are ligitimal request
Logs cleaned
Reloading nginx
Reload Succesfull
Wed Jul 18 02:00:01 EDT 2018 - Removing temporal files in static/logs
Files deleted
Wed Jul 18 02:00:01 EDT 2018 - Starting logs cleaning
Cleaning not usefull logs for: www.climbersoul.com
0 logs removed because their are ligitimal request
Cleaning not usefull logs for: formulariosdigital.servicioscca.cl
1 logs removed because their are ligitimal request
Logs cleaned
Reloading nginx
Reload Succesfull
Wed Jul 18 04:00:01 EDT 2018 - Removing temporal files in static/logs
Files deleted
Wed Jul 18 04:00:01 EDT 2018 - Starting logs cleaning
Cleaning not usefull logs for: www.climbersoul.com
0 logs removed because their are ligitimal request
Cleaning not usefull logs for: formulariosdigital.servicioscca.cl
1 logs removed because their are ligitimal request
Logs cleaned
Reloading nginx
Reload Succesfull
Wed Jul 18 06:00:01 EDT 2018 - Removing temporal files in static/logs
Files deleted
Wed Jul 18 06:00:01 EDT 2018 - Starting logs cleaning
Cleaning not usefull logs for: www.climbersoul.com
0 logs removed because their are ligitimal request
Cleaning not usefull logs for: formulariosdigital.servicioscca.cl
1 logs removed because their are ligitimal request
Logs cleaned
Reloading nginx
Reload Succesfull
Wed Jul 18 08:00:01 EDT 2018 - Removing temporal files in static/logs
Files deleted
Wed Jul 18 08:00:01 EDT 2018 - Starting logs cleaning
Cleaning not usefull logs for: www.climbersoul.com
0 logs removed because their are ligitimal request
Cleaning not usefull logs for: formulariosdigital.servicioscca.cl
1 logs removed because their are ligitimal request
Logs cleaned
Reloading nginx
Reload Succesfull
Wed Jul 18 10:00:01 EDT 2018 - Removing temporal files in static/logs
Files deleted
Wed Jul 18 10:00:01 EDT 2018 - Starting logs cleaning
Cleaning not usefull logs for: www.climbersoul.com
0 logs removed because their are ligitimal request
Cleaning not usefull logs for: formulariosdigital.servicioscca.cl
1 logs removed because their are ligitimal request
Logs cleaned
Reloading nginx
Reload Succesfull
Wed Jul 18 12:00:01 EDT 2018 - Removing temporal files in static/logs
Files deleted
Wed Jul 18 12:00:01 EDT 2018 - Starting logs cleaning
Cleaning not usefull logs for: www.climbersoul.com
0 logs removed because their are ligitimal request
Cleaning not usefull logs for: formulariosdigital.servicioscca.cl
1 logs removed because their are ligitimal request
Logs cleaned
Reloading nginx
Reload Succesfull
Wed Jul 18 14:00:01 EDT 2018 - Removing temporal files in static/logs
Files deleted
Wed Jul 18 14:00:01 EDT 2018 - Starting logs cleaning
Cleaning not usefull logs for: www.climbersoul.com
0 logs removed because their are ligitimal request
Cleaning not usefull logs for: formulariosdigital.servicioscca.cl
1 logs removed because their are ligitimal request
Logs cleaned
Reloading nginx
Reload Succesfull
Wed Jul 18 16:00:01 EDT 2018 - Removing temporal files in static/logs
Files deleted
Wed Jul 18 16:00:01 EDT 2018 - Starting logs cleaning
Cleaning not usefull logs for: www.climbersoul.com
0 logs removed because their are ligitimal request
Cleaning not usefull logs for: formulariosdigital.servicioscca.cl
1 logs removed because their are ligitimal request
Logs cleaned
Reloading nginx
Reload Succesfull
Wed Jul 18 18:00:01 EDT 2018 - Removing temporal files in static/logs
Files deleted
Wed Jul 18 18:00:01 EDT 2018 - Starting logs cleaning
Cleaning not usefull logs for: www.climbersoul.com
0 logs removed because their are ligitimal request
Cleaning not usefull logs for: formulariosdigital.servicioscca.cl
1 logs removed because their are ligitimal request
Logs cleaned
Reloading nginx
Reload Succesfull
Wed Jul 18 20:00:01 EDT 2018 - Removing temporal files in static/logs
Files deleted
Wed Jul 18 20:00:01 EDT 2018 - Starting logs cleaning
Cleaning not usefull logs for: www.climbersoul.com
0 logs removed because their are ligitimal request
Cleaning not usefull logs for: formulariosdigital.servicioscca.cl
1 logs removed because their are ligitimal request
Logs cleaned
Reloading nginx
Reload Succesfull
Wed Jul 18 22:00:01 EDT 2018 - Removing temporal files in static/logs
Files deleted
Wed Jul 18 22:00:01 EDT 2018 - Starting logs cleaning
Cleaning not usefull logs for: www.climbersoul.com
0 logs removed because their are ligitimal request
Cleaning not usefull logs for: formulariosdigital.servicioscca.cl
1 logs removed because their are ligitimal request
Logs cleaned
Reloading nginx
Reload Succesfull
Thu Jul 19 00:00:01 EDT 2018 - Removing temporal files in static/logs
Files deleted
Thu Jul 19 00:00:01 EDT 2018 - Starting logs cleaning
Cleaning not usefull logs for: www.climbersoul.com
0 logs removed because their are ligitimal request
Cleaning not usefull logs for: formulariosdigital.servicioscca.cl
1 logs removed because their are ligitimal request
Logs cleaned
Reloading nginx
Reload Succesfull
Thu Jul 19 02:00:01 EDT 2018 - Removing temporal files in static/logs
Files deleted
Thu Jul 19 02:00:01 EDT 2018 - Starting logs cleaning
Cleaning not usefull logs for: www.climbersoul.com
0 logs removed because their are ligitimal request
Cleaning not usefull logs for: formulariosdigital.servicioscca.cl
1 logs removed because their are ligitimal request
Logs cleaned
Reloading nginx
Reload Succesfull
Thu Jul 19 04:00:01 EDT 2018 - Removing temporal files in static/logs
Files deleted
Thu Jul 19 04:00:01 EDT 2018 - Starting logs cleaning
Cleaning not usefull logs for: www.climbersoul.com
0 logs removed because their are ligitimal request
Cleaning not usefull logs for: formulariosdigital.servicioscca.cl
1 logs removed because their are ligitimal request
Logs cleaned
Reloading nginx
Reload Succesfull
Thu Jul 19 06:00:01 EDT 2018 - Removing temporal files in static/logs
Files deleted
Thu Jul 19 06:00:01 EDT 2018 - Starting logs cleaning
Cleaning not usefull logs for: www.climbersoul.com
0 logs removed because their are ligitimal request
Cleaning not usefull logs for: formulariosdigital.servicioscca.cl
1 logs removed because their are ligitimal request
Logs cleaned
Reloading nginx
Reload Succesfull
Thu Jul 19 08:00:01 EDT 2018 - Removing temporal files in static/logs
Files deleted
Thu Jul 19 08:00:01 EDT 2018 - Starting logs cleaning
Cleaning not usefull logs for: www.climbersoul.com
0 logs removed because their are ligitimal request
Cleaning not usefull logs for: formulariosdigital.servicioscca.cl
1 logs removed because their are ligitimal request
Logs cleaned
Reloading nginx
Reload Succesfull
Thu Jul 19 10:00:01 EDT 2018 - Removing temporal files in static/logs
Files deleted
Thu Jul 19 10:00:01 EDT 2018 - Starting logs cleaning
Cleaning not usefull logs for: www.climbersoul.com
0 logs removed because their are ligitimal request
Cleaning not usefull logs for: formulariosdigital.servicioscca.cl
1 logs removed because their are ligitimal request
Logs cleaned
Reloading nginx
Reload Succesfull
Thu Jul 19 12:00:01 EDT 2018 - Removing temporal files in static/logs
Files deleted
Thu Jul 19 12:00:01 EDT 2018 - Starting logs cleaning
Cleaning not usefull logs for: www.climbersoul.com
0 logs removed because their are ligitimal request
Cleaning not usefull logs for: formulariosdigital.servicioscca.cl
1 logs removed because their are ligitimal request
Logs cleaned
Reloading nginx
Reload Succesfull
Thu Jul 19 14:00:01 EDT 2018 - Removing temporal files in static/logs
Files deleted
Thu Jul 19 14:00:01 EDT 2018 - Starting logs cleaning
Cleaning not usefull logs for: www.climbersoul.com
0 logs removed because their are ligitimal request
Cleaning not usefull logs for: formulariosdigital.servicioscca.cl
1 logs removed because their are ligitimal request
Logs cleaned
Reloading nginx
Reload Succesfull
Thu Jul 19 16:00:01 EDT 2018 - Removing temporal files in static/logs
Files deleted
Thu Jul 19 16:00:01 EDT 2018 - Starting logs cleaning
Cleaning not usefull logs for: www.climbersoul.com
0 logs removed because their are ligitimal request
Cleaning not usefull logs for: formulariosdigital.servicioscca.cl
1 logs removed because their are ligitimal request
Logs cleaned
Reloading nginx
Reload Succesfull
Thu Jul 19 18:00:01 EDT 2018 - Removing temporal files in static/logs
Files deleted
Thu Jul 19 18:00:01 EDT 2018 - Starting logs cleaning
Cleaning not usefull logs for: www.climbersoul.com
0 logs removed because their are ligitimal request
Cleaning not usefull logs for: formulariosdigital.servicioscca.cl
1 logs removed because their are ligitimal request
Logs cleaned
Reloading nginx
Failed, nginx is not running
Thu Jul 19 20:00:01 EDT 2018 - Removing temporal files in static/logs
Files deleted
Thu Jul 19 20:00:01 EDT 2018 - Starting logs cleaning
Cleaning not usefull logs for: www.climbersoul.com
0 logs removed because their are ligitimal request
Cleaning not usefull logs for: formulariosdigital.servicioscca.cl
0 logs removed because their are ligitimal request
Logs cleaned
Reloading nginx
Failed, nginx is not running
Thu Jul 19 22:00:01 EDT 2018 - Removing temporal files in static/logs
Files deleted
Thu Jul 19 22:00:01 EDT 2018 - Starting logs cleaning
Cleaning not usefull logs for: www.climbersoul.com
0 logs removed because their are ligitimal request
Cleaning not usefull logs for: formulariosdigital.servicioscca.cl
0 logs removed because their are ligitimal request
Logs cleaned
Reloading nginx
Failed, nginx is not running
Fri Jul 20 00:00:01 EDT 2018 - Removing temporal files in static/logs
Files deleted
Fri Jul 20 00:00:01 EDT 2018 - Starting logs cleaning
Cleaning not usefull logs for: www.climbersoul.com
0 logs removed because their are ligitimal request
Cleaning not usefull logs for: formulariosdigital.servicioscca.cl
0 logs removed because their are ligitimal request
Logs cleaned
Reloading nginx
Failed, nginx is not running
Fri Jul 20 02:00:01 EDT 2018 - Removing temporal files in static/logs
Files deleted
Fri Jul 20 02:00:01 EDT 2018 - Starting logs cleaning
Cleaning not usefull logs for: www.climbersoul.com
0 logs removed because their are ligitimal request
Cleaning not usefull logs for: formulariosdigital.servicioscca.cl
0 logs removed because their are ligitimal request
Logs cleaned
Reloading nginx
Failed, nginx is not running
Fri Jul 20 04:00:01 EDT 2018 - Removing temporal files in static/logs
Files deleted
Fri Jul 20 04:00:01 EDT 2018 - Starting logs cleaning
Cleaning not usefull logs for: www.climbersoul.com
0 logs removed because their are ligitimal request
Cleaning not usefull logs for: formulariosdigital.servicioscca.cl
0 logs removed because their are ligitimal request
Logs cleaned
Reloading nginx
Failed, nginx is not running
Fri Jul 20 06:00:01 EDT 2018 - Removing temporal files in static/logs
Files deleted
Fri Jul 20 06:00:01 EDT 2018 - Starting logs cleaning
Cleaning not usefull logs for: www.climbersoul.com
0 logs removed because their are ligitimal request
Cleaning not usefull logs for: formulariosdigital.servicioscca.cl
0 logs removed because their are ligitimal request
Logs cleaned
Reloading nginx
Failed, nginx is not running
Fri Jul 20 08:00:01 EDT 2018 - Removing temporal files in static/logs
Files deleted
Fri Jul 20 08:00:01 EDT 2018 - Starting logs cleaning
Cleaning not usefull logs for: www.climbersoul.com
0 logs removed because their are ligitimal request
Cleaning not usefull logs for: formulariosdigital.servicioscca.cl
0 logs removed because their are ligitimal request
Logs cleaned
Reloading nginx
Failed, nginx is not running
Fri Jul 20 10:00:01 EDT 2018 - Removing temporal files in static/logs
Files deleted
Fri Jul 20 10:00:01 EDT 2018 - Starting logs cleaning
Cleaning not usefull logs for: www.climbersoul.com
0 logs removed because their are ligitimal request
Cleaning not usefull logs for: formulariosdigital.servicioscca.cl
0 logs removed because their are ligitimal request
Logs cleaned
Reloading nginx
Failed, nginx is not running
Fri Jul 20 12:00:01 EDT 2018 - Removing temporal files in static/logs
Files deleted
Fri Jul 20 12:00:01 EDT 2018 - Starting logs cleaning
Cleaning not usefull logs for: www.climbersoul.com
0 logs removed because their are ligitimal request
Cleaning not usefull logs for: formulariosdigital.servicioscca.cl
0 logs removed because their are ligitimal request
Logs cleaned
Reloading nginx
Failed, nginx is not running
Fri Jul 20 14:00:01 EDT 2018 - Removing temporal files in static/logs
Files deleted
Fri Jul 20 14:00:01 EDT 2018 - Starting logs cleaning
Cleaning not usefull logs for: www.climbersoul.com
0 logs removed because their are ligitimal request
Cleaning not usefull logs for: formulariosdigital.servicioscca.cl
0 logs removed because their are ligitimal request
Logs cleaned
Reloading nginx
Failed, nginx is not running
Fri Jul 20 16:00:01 EDT 2018 - Removing temporal files in static/logs
Files deleted
Fri Jul 20 16:00:01 EDT 2018 - Starting logs cleaning
Cleaning not usefull logs for: www.climbersoul.com
0 logs removed because their are ligitimal request
Cleaning not usefull logs for: formulariosdigital.servicioscca.cl
0 logs removed because their are ligitimal request
Logs cleaned
Reloading nginx
Failed, nginx is not running
Fri Jul 20 18:00:01 EDT 2018 - Removing temporal files in static/logs
Files deleted
Fri Jul 20 18:00:01 EDT 2018 - Starting logs cleaning
Logs cleaned
Reloading nginx
Failed, nginx is not running
Fri Jul 20 20:00:01 EDT 2018 - Removing temporal files in static/logs
Files deleted
Fri Jul 20 20:00:01 EDT 2018 - Starting logs cleaning
Logs cleaned
Reloading nginx
Failed, nginx is not running
Fri Jul 20 22:00:01 EDT 2018 - Removing temporal files in static/logs
Files deleted
Fri Jul 20 22:00:01 EDT 2018 - Starting logs cleaning
Logs cleaned
Reloading nginx
Failed, nginx is not running
Sat Jul 21 00:00:01 EDT 2018 - Removing temporal files in static/logs
Files deleted
Sat Jul 21 00:00:01 EDT 2018 - Starting logs cleaning
Logs cleaned
Reloading nginx
Failed, nginx is not running
Sat Jul 21 02:00:01 EDT 2018 - Removing temporal files in static/logs
Files deleted
Sat Jul 21 02:00:01 EDT 2018 - Starting logs cleaning
Logs cleaned
Reloading nginx
Failed, nginx is not running
Sat Jul 21 04:00:01 EDT 2018 - Removing temporal files in static/logs
Files deleted
Sat Jul 21 04:00:01 EDT 2018 - Starting logs cleaning
Logs cleaned
Reloading nginx
Failed, nginx is not running
Sat Jul 21 06:00:01 EDT 2018 - Removing temporal files in static/logs
Files deleted
Sat Jul 21 06:00:01 EDT 2018 - Starting logs cleaning
Logs cleaned
Reloading nginx
Failed, nginx is not running
Sat Jul 21 08:00:01 EDT 2018 - Removing temporal files in static/logs
Files deleted
Sat Jul 21 08:00:01 EDT 2018 - Starting logs cleaning
Logs cleaned
Reloading nginx
Failed, nginx is not running
Sat Jul 21 10:00:01 EDT 2018 - Removing temporal files in static/logs
Files deleted
Sat Jul 21 10:00:01 EDT 2018 - Starting logs cleaning
Logs cleaned
Reloading nginx
Failed, nginx is not running
Sat Jul 21 12:00:01 EDT 2018 - Removing temporal files in static/logs
Files deleted
Sat Jul 21 12:00:01 EDT 2018 - Starting logs cleaning
Logs cleaned
Reloading nginx
Failed, nginx is not running
Sat Jul 21 14:00:01 EDT 2018 - Removing temporal files in static/logs
Files deleted
Sat Jul 21 14:00:01 EDT 2018 - Starting logs cleaning
Logs cleaned
Reloading nginx
Failed, nginx is not running
Sat Jul 21 16:00:01 EDT 2018 - Removing temporal files in static/logs
Files deleted
Sat Jul 21 16:00:01 EDT 2018 - Starting logs cleaning
Logs cleaned
Reloading nginx
Failed, nginx is not running
Sat Jul 21 18:00:01 EDT 2018 - Removing temporal files in static/logs
Files deleted
Sat Jul 21 18:00:01 EDT 2018 - Starting logs cleaning
Logs cleaned
Reloading nginx
Failed, nginx is not running
Sat Jul 21 20:00:01 EDT 2018 - Removing temporal files in static/logs
Files deleted
Sat Jul 21 20:00:01 EDT 2018 - Starting logs cleaning
Logs cleaned
Reloading nginx
Failed, nginx is not running
Sat Jul 21 22:00:01 EDT 2018 - Removing temporal files in static/logs
Files deleted
Sat Jul 21 22:00:01 EDT 2018 - Starting logs cleaning
Logs cleaned
Reloading nginx
Failed, nginx is not running
Sun Jul 22 00:00:01 EDT 2018 - Removing temporal files in static/logs
Files deleted
Sun Jul 22 00:00:01 EDT 2018 - Starting logs cleaning
Logs cleaned
Reloading nginx
Failed, nginx is not running
Sun Jul 22 02:00:01 EDT 2018 - Removing temporal files in static/logs
Files deleted
Sun Jul 22 02:00:01 EDT 2018 - Starting logs cleaning
Logs cleaned
Reloading nginx
Failed, nginx is not running
Sun Jul 22 04:00:01 EDT 2018 - Removing temporal files in static/logs
Files deleted
Sun Jul 22 04:00:01 EDT 2018 - Starting logs cleaning
Logs cleaned
Reloading nginx
Failed, nginx is not running
Sun Jul 22 06:00:01 EDT 2018 - Removing temporal files in static/logs
Files deleted
Sun Jul 22 06:00:01 EDT 2018 - Starting logs cleaning
Logs cleaned
Reloading nginx
Failed, nginx is not running
Sun Jul 22 08:00:01 EDT 2018 - Removing temporal files in static/logs
Files deleted
Sun Jul 22 08:00:01 EDT 2018 - Starting logs cleaning
Logs cleaned
Reloading nginx
Failed, nginx is not running
Sun Jul 22 10:00:01 EDT 2018 - Removing temporal files in static/logs
Files deleted
Sun Jul 22 10:00:01 EDT 2018 - Starting logs cleaning
Logs cleaned
Reloading nginx
Failed, nginx is not running
Sun Jul 22 12:00:01 EDT 2018 - Removing temporal files in static/logs
Files deleted
Sun Jul 22 12:00:01 EDT 2018 - Starting logs cleaning
Logs cleaned
Reloading nginx
Failed, nginx is not running
Sun Jul 22 14:00:01 EDT 2018 - Removing temporal files in static/logs
Files deleted
Sun Jul 22 14:00:01 EDT 2018 - Starting logs cleaning
Logs cleaned
Reloading nginx
Failed, nginx is not running
Sun Jul 22 16:00:01 EDT 2018 - Removing temporal files in static/logs
Files deleted
Sun Jul 22 16:00:01 EDT 2018 - Starting logs cleaning
Logs cleaned
Reloading nginx
Failed, nginx is not running
Sun Jul 22 18:00:01 EDT 2018 - Removing temporal files in static/logs
Files deleted
Sun Jul 22 18:00:01 EDT 2018 - Starting logs cleaning
Logs cleaned
Reloading nginx
Failed, nginx is not running
Sun Jul 22 20:00:01 EDT 2018 - Removing temporal files in static/logs
Files deleted
Sun Jul 22 20:00:01 EDT 2018 - Starting logs cleaning
Logs cleaned
Reloading nginx
Failed, nginx is not running
Sun Jul 22 22:00:01 EDT 2018 - Removing temporal files in static/logs
Files deleted
Sun Jul 22 22:00:01 EDT 2018 - Starting logs cleaning
Logs cleaned
Reloading nginx
Failed, nginx is not running
Mon Jul 23 00:00:01 EDT 2018 - Removing temporal files in static/logs
Files deleted
Mon Jul 23 00:00:01 EDT 2018 - Starting logs cleaning
Logs cleaned
Reloading nginx
Failed, nginx is not running
Mon Jul 23 02:00:01 EDT 2018 - Removing temporal files in static/logs
Files deleted
Mon Jul 23 02:00:01 EDT 2018 - Starting logs cleaning
Logs cleaned
Reloading nginx
Failed, nginx is not running
Mon Jul 23 04:00:01 EDT 2018 - Removing temporal files in static/logs
Files deleted
Mon Jul 23 04:00:01 EDT 2018 - Starting logs cleaning
Logs cleaned
Reloading nginx
Failed, nginx is not running
Mon Jul 23 06:00:01 EDT 2018 - Removing temporal files in static/logs
Files deleted
Mon Jul 23 06:00:01 EDT 2018 - Starting logs cleaning
Logs cleaned
Reloading nginx
Failed, nginx is not running
Mon Jul 23 08:00:01 EDT 2018 - Removing temporal files in static/logs
Files deleted
Mon Jul 23 08:00:01 EDT 2018 - Starting logs cleaning
Logs cleaned
Reloading nginx
Failed, nginx is not running
Mon Jul 23 10:00:01 EDT 2018 - Removing temporal files in static/logs
Files deleted
Mon Jul 23 10:00:01 EDT 2018 - Starting logs cleaning
Logs cleaned
Reloading nginx
Failed, nginx is not running
Mon Jul 23 12:00:01 EDT 2018 - Removing temporal files in static/logs
Files deleted
Mon Jul 23 12:00:01 EDT 2018 - Starting logs cleaning
Logs cleaned
Reloading nginx
Failed, nginx is not running
Mon Jul 23 14:00:01 EDT 2018 - Removing temporal files in static/logs
Files deleted
Mon Jul 23 14:00:01 EDT 2018 - Starting logs cleaning
Logs cleaned
Reloading nginx
Failed, nginx is not running
Mon Jul 23 16:00:01 EDT 2018 - Removing temporal files in static/logs
Files deleted
Mon Jul 23 16:00:01 EDT 2018 - Starting logs cleaning
Logs cleaned
Reloading nginx
Failed, nginx is not running
Mon Jul 23 18:00:01 EDT 2018 - Removing temporal files in static/logs
Files deleted
Mon Jul 23 18:00:01 EDT 2018 - Starting logs cleaning
Logs cleaned
Reloading nginx
Failed, nginx is not running
Mon Jul 23 20:00:01 EDT 2018 - Removing temporal files in static/logs
Files deleted
Mon Jul 23 20:00:01 EDT 2018 - Starting logs cleaning
Logs cleaned
Reloading nginx
Failed, nginx is not running
Mon Jul 23 22:00:01 EDT 2018 - Removing temporal files in static/logs
Files deleted
Mon Jul 23 22:00:01 EDT 2018 - Starting logs cleaning
Logs cleaned
Reloading nginx
Failed, nginx is not running
Tue Jul 24 00:00:01 EDT 2018 - Removing temporal files in static/logs
Files deleted
Tue Jul 24 00:00:01 EDT 2018 - Starting logs cleaning
Logs cleaned
Reloading nginx
Failed, nginx is not running
Tue Jul 24 02:00:01 EDT 2018 - Removing temporal files in static/logs
Files deleted
Tue Jul 24 02:00:01 EDT 2018 - Starting logs cleaning
Logs cleaned
Reloading nginx
Failed, nginx is not running
Tue Jul 24 04:00:01 EDT 2018 - Removing temporal files in static/logs
Files deleted
Tue Jul 24 04:00:01 EDT 2018 - Starting logs cleaning
Logs cleaned
Reloading nginx
Failed, nginx is not running
Tue Jul 24 06:00:01 EDT 2018 - Removing temporal files in static/logs
Files deleted
Tue Jul 24 06:00:01 EDT 2018 - Starting logs cleaning
Logs cleaned
Reloading nginx
Failed, nginx is not running
Tue Jul 24 08:00:01 EDT 2018 - Removing temporal files in static/logs
Files deleted
Tue Jul 24 08:00:01 EDT 2018 - Starting logs cleaning
Logs cleaned
Reloading nginx
Failed, nginx is not running
Tue Jul 24 10:00:01 EDT 2018 - Removing temporal files in static/logs
Files deleted
Tue Jul 24 10:00:01 EDT 2018 - Starting logs cleaning
Logs cleaned
Reloading nginx
Failed, nginx is not running
Tue Jul 24 12:00:01 EDT 2018 - Removing temporal files in static/logs
Files deleted
Tue Jul 24 12:00:01 EDT 2018 - Starting logs cleaning
Logs cleaned
Reloading nginx
Failed, nginx is not running
Tue Jul 24 14:00:01 EDT 2018 - Removing temporal files in static/logs
Files deleted
Tue Jul 24 14:00:01 EDT 2018 - Starting logs cleaning
Logs cleaned
Reloading nginx
Failed, nginx is not running
Tue Jul 24 16:00:01 EDT 2018 - Removing temporal files in static/logs
Files deleted
Tue Jul 24 16:00:01 EDT 2018 - Starting logs cleaning
Logs cleaned
Reloading nginx
Failed, nginx is not running
Tue Jul 24 18:00:01 EDT 2018 - Removing temporal files in static/logs
Files deleted
Tue Jul 24 18:00:01 EDT 2018 - Starting logs cleaning
Logs cleaned
Reloading nginx
Failed, nginx is not running
Tue Jul 24 20:00:01 EDT 2018 - Removing temporal files in static/logs
Files deleted
Tue Jul 24 20:00:01 EDT 2018 - Starting logs cleaning
Logs cleaned
Reloading nginx
Failed, nginx is not running
Tue Jul 24 22:00:01 EDT 2018 - Removing temporal files in static/logs
Files deleted
Tue Jul 24 22:00:01 EDT 2018 - Starting logs cleaning
Logs cleaned
Reloading nginx
Failed, nginx is not running
Wed Jul 25 00:00:01 EDT 2018 - Removing temporal files in static/logs
Files deleted
Wed Jul 25 00:00:01 EDT 2018 - Starting logs cleaning
Logs cleaned
Reloading nginx
Failed, nginx is not running
Wed Jul 25 02:00:01 EDT 2018 - Removing temporal files in static/logs
Files deleted
Wed Jul 25 02:00:01 EDT 2018 - Starting logs cleaning
Logs cleaned
Reloading nginx
Failed, nginx is not running
Wed Jul 25 04:00:01 EDT 2018 - Removing temporal files in static/logs
Files deleted
Wed Jul 25 04:00:01 EDT 2018 - Starting logs cleaning
Logs cleaned
Reloading nginx
Failed, nginx is not running
Wed Jul 25 06:00:01 EDT 2018 - Removing temporal files in static/logs
Files deleted
Wed Jul 25 06:00:01 EDT 2018 - Starting logs cleaning
Logs cleaned
Reloading nginx
Failed, nginx is not running
Wed Jul 25 08:00:01 EDT 2018 - Removing temporal files in static/logs
Files deleted
Wed Jul 25 08:00:01 EDT 2018 - Starting logs cleaning
Logs cleaned
Reloading nginx
Failed, nginx is not running
Wed Jul 25 10:00:01 EDT 2018 - Removing temporal files in static/logs
Files deleted
Wed Jul 25 10:00:01 EDT 2018 - Starting logs cleaning
Logs cleaned
Reloading nginx
Failed, nginx is not running
Wed Jul 25 12:00:01 EDT 2018 - Removing temporal files in static/logs
Files deleted
Wed Jul 25 12:00:01 EDT 2018 - Starting logs cleaning
Logs cleaned
Reloading nginx
Failed, nginx is not running
Wed Jul 25 14:00:01 EDT 2018 - Removing temporal files in static/logs
Files deleted
Wed Jul 25 14:00:01 EDT 2018 - Starting logs cleaning
Logs cleaned
Reloading nginx
Failed, nginx is not running
Wed Jul 25 16:00:01 EDT 2018 - Removing temporal files in static/logs
Files deleted
Wed Jul 25 16:00:01 EDT 2018 - Starting logs cleaning
Logs cleaned
Reloading nginx
Failed, nginx is not running
Wed Jul 25 18:00:01 EDT 2018 - Removing temporal files in static/logs
Files deleted
Wed Jul 25 18:00:01 EDT 2018 - Starting logs cleaning
Logs cleaned
Reloading nginx
Failed, nginx is not running
Wed Jul 25 20:00:01 EDT 2018 - Removing temporal files in static/logs
Files deleted
Wed Jul 25 20:00:01 EDT 2018 - Starting logs cleaning
Logs cleaned
Reloading nginx
Failed, nginx is not running
Wed Jul 25 22:00:01 EDT 2018 - Removing temporal files in static/logs
Files deleted
Wed Jul 25 22:00:01 EDT 2018 - Starting logs cleaning
Logs cleaned
Reloading nginx
Failed, nginx is not running
Thu Jul 26 00:00:02 EDT 2018 - Removing temporal files in static/logs
Files deleted
Thu Jul 26 00:00:02 EDT 2018 - Starting logs cleaning
Logs cleaned
Reloading nginx
Failed, nginx is not running
Thu Jul 26 02:00:01 EDT 2018 - Removing temporal files in static/logs
Files deleted
Thu Jul 26 02:00:01 EDT 2018 - Starting logs cleaning
Logs cleaned
Reloading nginx
Failed, nginx is not running
Thu Jul 26 04:00:01 EDT 2018 - Removing temporal files in static/logs
Files deleted
Thu Jul 26 04:00:01 EDT 2018 - Starting logs cleaning
Logs cleaned
Reloading nginx
Failed, nginx is not running
Thu Jul 26 06:00:01 EDT 2018 - Removing temporal files in static/logs
Files deleted
Thu Jul 26 06:00:01 EDT 2018 - Starting logs cleaning
Logs cleaned
Reloading nginx
Failed, nginx is not running
Thu Jul 26 08:00:01 EDT 2018 - Removing temporal files in static/logs
Files deleted
Thu Jul 26 08:00:01 EDT 2018 - Starting logs cleaning
Logs cleaned
Reloading nginx
Failed, nginx is not running
Thu Jul 26 10:00:01 EDT 2018 - Removing temporal files in static/logs
Files deleted
Thu Jul 26 10:00:01 EDT 2018 - Starting logs cleaning
Logs cleaned
Reloading nginx
Failed, nginx is not running
Thu Jul 26 12:00:01 EDT 2018 - Removing temporal files in static/logs
Files deleted
Thu Jul 26 12:00:01 EDT 2018 - Starting logs cleaning
Logs cleaned
Reloading nginx
Failed, nginx is not running
Thu Jul 26 14:00:01 EDT 2018 - Removing temporal files in static/logs
Files deleted
Thu Jul 26 14:00:01 EDT 2018 - Starting logs cleaning
Logs cleaned
Reloading nginx
Failed, nginx is not running
Thu Jul 26 16:00:01 EDT 2018 - Removing temporal files in static/logs
Files deleted
Thu Jul 26 16:00:01 EDT 2018 - Starting logs cleaning
Logs cleaned
Reloading nginx
Failed, nginx is not running
Thu Jul 26 18:00:01 EDT 2018 - Removing temporal files in static/logs
Files deleted
Thu Jul 26 18:00:01 EDT 2018 - Starting logs cleaning
Logs cleaned
Reloading nginx
Failed, nginx is not running
Thu Jul 26 20:00:01 EDT 2018 - Removing temporal files in static/logs
Files deleted
Thu Jul 26 20:00:01 EDT 2018 - Starting logs cleaning
Logs cleaned
Reloading nginx
Failed, nginx is not running
Thu Jul 26 22:00:01 EDT 2018 - Removing temporal files in static/logs
Files deleted
Thu Jul 26 22:00:01 EDT 2018 - Starting logs cleaning
Logs cleaned
Reloading nginx
Failed, nginx is not running
Fri Jul 27 00:00:01 EDT 2018 - Removing temporal files in static/logs
Files deleted
Fri Jul 27 00:00:01 EDT 2018 - Starting logs cleaning
Logs cleaned
Reloading nginx
Failed, nginx is not running
Fri Jul 27 02:00:01 EDT 2018 - Removing temporal files in static/logs
Files deleted
Fri Jul 27 02:00:01 EDT 2018 - Starting logs cleaning
Logs cleaned
Reloading nginx
Failed, nginx is not running
Fri Jul 27 04:00:01 EDT 2018 - Removing temporal files in static/logs
Files deleted
Fri Jul 27 04:00:01 EDT 2018 - Starting logs cleaning
Logs cleaned
Reloading nginx
Failed, nginx is not running
Fri Jul 27 06:00:01 EDT 2018 - Removing temporal files in static/logs
Files deleted
Fri Jul 27 06:00:01 EDT 2018 - Starting logs cleaning
Logs cleaned
Reloading nginx
Failed, nginx is not running
Fri Jul 27 08:00:01 EDT 2018 - Removing temporal files in static/logs
Files deleted
Fri Jul 27 08:00:01 EDT 2018 - Starting logs cleaning
Logs cleaned
Reloading nginx
Failed, nginx is not running
Fri Jul 27 10:00:01 EDT 2018 - Removing temporal files in static/logs
Files deleted
Fri Jul 27 10:00:01 EDT 2018 - Starting logs cleaning
Logs cleaned
Reloading nginx
Failed, nginx is not running
Fri Jul 27 12:00:02 EDT 2018 - Removing temporal files in static/logs
Files deleted
Fri Jul 27 12:00:02 EDT 2018 - Starting logs cleaning
Logs cleaned
Reloading nginx
Failed, nginx is not running
Fri Jul 27 14:00:01 EDT 2018 - Removing temporal files in static/logs
Files deleted
Fri Jul 27 14:00:01 EDT 2018 - Starting logs cleaning
Cleaning not usefull logs for: www.climbersoul.com
6 logs removed because their are ligitimal request
Logs cleaned
Reloading nginx
Reload Succesfull
Fri Jul 27 16:00:01 EDT 2018 - Removing temporal files in static/logs
Files deleted
Fri Jul 27 16:00:01 EDT 2018 - Starting logs cleaning
Cleaning not usefull logs for: www.climbersoul.com
1 logs removed because their are ligitimal request
Cleaning not usefull logs for: nuestragencia.cl
1 logs removed because their are ligitimal request
Logs cleaned
Reloading nginx
Reload Succesfull
Fri Jul 27 18:00:01 EDT 2018 - Removing temporal files in static/logs
Files deleted
Fri Jul 27 18:00:01 EDT 2018 - Starting logs cleaning
Cleaning not usefull logs for: www.climbersoul.com
3 logs removed because their are ligitimal request
Cleaning not usefull logs for: www.testapp.com
7 logs removed because their are ligitimal request
Logs cleaned
Reloading nginx
Reload Succesfull
Fri Jul 27 20:00:01 EDT 2018 - Removing temporal files in static/logs
Files deleted
Fri Jul 27 20:00:01 EDT 2018 - Starting logs cleaning
Cleaning not usefull logs for: www.climbersoul.com
1 logs removed because their are ligitimal request
Cleaning not usefull logs for: www.testapp.com
1 logs removed because their are ligitimal request
Logs cleaned
Reloading nginx
Reload Succesfull
Fri Jul 27 22:00:01 EDT 2018 - Removing temporal files in static/logs
Files deleted
Fri Jul 27 22:00:01 EDT 2018 - Starting logs cleaning
Cleaning not usefull logs for: www.climbersoul.com
1 logs removed because their are ligitimal request
Cleaning not usefull logs for: www.testapp.com
1 logs removed because their are ligitimal request
Logs cleaned
Reloading nginx
Reload Succesfull
Sat Jul 28 00:00:01 EDT 2018 - Removing temporal files in static/logs
Files deleted
Sat Jul 28 00:00:01 EDT 2018 - Starting logs cleaning
Cleaning not usefull logs for: www.climbersoul.com
1 logs removed because their are ligitimal request
Cleaning not usefull logs for: www.testapp.com
1 logs removed because their are ligitimal request
Logs cleaned
Reloading nginx
Reload Succesfull
Sat Jul 28 02:00:01 EDT 2018 - Removing temporal files in static/logs
Files deleted
Sat Jul 28 02:00:01 EDT 2018 - Starting logs cleaning
Cleaning not usefull logs for: www.climbersoul.com
1 logs removed because their are ligitimal request
Cleaning not usefull logs for: www.testapp.com
1 logs removed because their are ligitimal request
Logs cleaned
Reloading nginx
Reload Succesfull
Sat Jul 28 04:00:01 EDT 2018 - Removing temporal files in static/logs
Files deleted
Sat Jul 28 04:00:01 EDT 2018 - Starting logs cleaning
Cleaning not usefull logs for: www.climbersoul.com
1 logs removed because their are ligitimal request
Cleaning not usefull logs for: www.testapp.com
1 logs removed because their are ligitimal request
Logs cleaned
Reloading nginx
Reload Succesfull
Sat Jul 28 06:00:01 EDT 2018 - Removing temporal files in static/logs
Files deleted
Sat Jul 28 06:00:01 EDT 2018 - Starting logs cleaning
Cleaning not usefull logs for: www.climbersoul.com
1 logs removed because their are ligitimal request
Cleaning not usefull logs for: www.testapp.com
1 logs removed because their are ligitimal request
Logs cleaned
Reloading nginx
Reload Succesfull
Sat Jul 28 08:00:01 EDT 2018 - Removing temporal files in static/logs
Files deleted
Sat Jul 28 08:00:01 EDT 2018 - Starting logs cleaning
Cleaning not usefull logs for: www.climbersoul.com
1 logs removed because their are ligitimal request
Cleaning not usefull logs for: www.testapp.com
1 logs removed because their are ligitimal request
Logs cleaned
Reloading nginx
Reload Succesfull
Sat Jul 28 10:00:01 EDT 2018 - Removing temporal files in static/logs
Files deleted
Sat Jul 28 10:00:01 EDT 2018 - Starting logs cleaning
Cleaning not usefull logs for: www.climbersoul.com
1 logs removed because their are ligitimal request
Cleaning not usefull logs for: www.testapp.com
1 logs removed because their are ligitimal request
Logs cleaned
Reloading nginx
Reload Succesfull
Sat Jul 28 12:00:01 EDT 2018 - Removing temporal files in static/logs
Files deleted
Sat Jul 28 12:00:01 EDT 2018 - Starting logs cleaning
Cleaning not usefull logs for: www.climbersoul.com
1 logs removed because their are ligitimal request
Cleaning not usefull logs for: www.testapp.com
1 logs removed because their are ligitimal request
Logs cleaned
Reloading nginx
Reload Succesfull
Sat Jul 28 14:00:01 EDT 2018 - Removing temporal files in static/logs
Files deleted
Sat Jul 28 14:00:01 EDT 2018 - Starting logs cleaning
Cleaning not usefull logs for: www.climbersoul.com
1 logs removed because their are ligitimal request
Cleaning not usefull logs for: www.testapp.com
1 logs removed because their are ligitimal request
Logs cleaned
Reloading nginx
Reload Succesfull
Sat Jul 28 16:00:01 EDT 2018 - Removing temporal files in static/logs
Files deleted
Sat Jul 28 16:00:01 EDT 2018 - Starting logs cleaning
Cleaning not usefull logs for: www.climbersoul.com
1 logs removed because their are ligitimal request
Cleaning not usefull logs for: www.testapp.com
1 logs removed because their are ligitimal request
Logs cleaned
Reloading nginx
Reload Succesfull
Sat Jul 28 18:00:02 EDT 2018 - Removing temporal files in static/logs
Files deleted
Sat Jul 28 18:00:02 EDT 2018 - Starting logs cleaning
Cleaning not usefull logs for: www.climbersoul.com
1 logs removed because their are ligitimal request
Cleaning not usefull logs for: www.testapp.com
1 logs removed because their are ligitimal request
Logs cleaned
Reloading nginx
Reload Succesfull
Sat Jul 28 20:00:01 EDT 2018 - Removing temporal files in static/logs
Files deleted
Sat Jul 28 20:00:01 EDT 2018 - Starting logs cleaning
Cleaning not usefull logs for: www.climbersoul.com
1 logs removed because their are ligitimal request
Cleaning not usefull logs for: www.testapp.com
1 logs removed because their are ligitimal request
Logs cleaned
Reloading nginx
Reload Succesfull
Sat Jul 28 22:00:01 EDT 2018 - Removing temporal files in static/logs
Files deleted
Sat Jul 28 22:00:01 EDT 2018 - Starting logs cleaning
Cleaning not usefull logs for: www.climbersoul.com
1 logs removed because their are ligitimal request
Cleaning not usefull logs for: www.testapp.com
1 logs removed because their are ligitimal request
Logs cleaned
Reloading nginx
Reload Succesfull
Sun Jul 29 00:00:01 EDT 2018 - Removing temporal files in static/logs
Files deleted
Sun Jul 29 00:00:01 EDT 2018 - Starting logs cleaning
Cleaning not usefull logs for: www.climbersoul.com
1 logs removed because their are ligitimal request
Cleaning not usefull logs for: www.testapp.com
1 logs removed because their are ligitimal request
Logs cleaned
Reloading nginx
Reload Succesfull
Sun Jul 29 02:00:01 EDT 2018 - Removing temporal files in static/logs
Files deleted
Sun Jul 29 02:00:01 EDT 2018 - Starting logs cleaning
Cleaning not usefull logs for: www.climbersoul.com
1 logs removed because their are ligitimal request
Cleaning not usefull logs for: www.testapp.com
1 logs removed because their are ligitimal request
Logs cleaned
Reloading nginx
Reload Succesfull
Sun Jul 29 04:00:01 EDT 2018 - Removing temporal files in static/logs
Files deleted
Sun Jul 29 04:00:01 EDT 2018 - Starting logs cleaning
Cleaning not usefull logs for: www.climbersoul.com
1 logs removed because their are ligitimal request
Cleaning not usefull logs for: www.testapp.com
1 logs removed because their are ligitimal request
Logs cleaned
Reloading nginx
Reload Succesfull
Sun Jul 29 06:00:01 EDT 2018 - Removing temporal files in static/logs
Files deleted
Sun Jul 29 06:00:01 EDT 2018 - Starting logs cleaning
Cleaning not usefull logs for: www.climbersoul.com
1 logs removed because their are ligitimal request
Cleaning not usefull logs for: www.testapp.com
1 logs removed because their are ligitimal request
Logs cleaned
Reloading nginx
Reload Succesfull
Sun Jul 29 08:00:01 EDT 2018 - Removing temporal files in static/logs
Files deleted
Sun Jul 29 08:00:01 EDT 2018 - Starting logs cleaning
Cleaning not usefull logs for: www.climbersoul.com
1 logs removed because their are ligitimal request
Cleaning not usefull logs for: www.testapp.com
1 logs removed because their are ligitimal request
Logs cleaned
Reloading nginx
Reload Succesfull
Sun Jul 29 10:00:01 EDT 2018 - Removing temporal files in static/logs
Files deleted
Sun Jul 29 10:00:01 EDT 2018 - Starting logs cleaning
Cleaning not usefull logs for: www.climbersoul.com
1 logs removed because their are ligitimal request
Cleaning not usefull logs for: www.testapp.com
1 logs removed because their are ligitimal request
Logs cleaned
Reloading nginx
Reload Succesfull
Sun Jul 29 12:00:01 EDT 2018 - Removing temporal files in static/logs
Files deleted
Sun Jul 29 12:00:01 EDT 2018 - Starting logs cleaning
Cleaning not usefull logs for: www.climbersoul.com
1 logs removed because their are ligitimal request
Cleaning not usefull logs for: www.testapp.com
1 logs removed because their are ligitimal request
Logs cleaned
Reloading nginx
Reload Succesfull
Sun Jul 29 14:00:01 EDT 2018 - Removing temporal files in static/logs
Files deleted
Sun Jul 29 14:00:01 EDT 2018 - Starting logs cleaning
Cleaning not usefull logs for: www.climbersoul.com
1 logs removed because their are ligitimal request
Cleaning not usefull logs for: www.testapp.com
1 logs removed because their are ligitimal request
Logs cleaned
Reloading nginx
Reload Succesfull
Sun Jul 29 16:00:01 EDT 2018 - Removing temporal files in static/logs
Files deleted
Sun Jul 29 16:00:01 EDT 2018 - Starting logs cleaning
Cleaning not usefull logs for: www.climbersoul.com
1 logs removed because their are ligitimal request
Cleaning not usefull logs for: www.testapp.com
1 logs removed because their are ligitimal request
Logs cleaned
Reloading nginx
Reload Succesfull
Sun Jul 29 18:00:01 EDT 2018 - Removing temporal files in static/logs
Files deleted
Sun Jul 29 18:00:01 EDT 2018 - Starting logs cleaning
Cleaning not usefull logs for: www.climbersoul.com
1 logs removed because their are ligitimal request
Cleaning not usefull logs for: www.testapp.com
1 logs removed because their are ligitimal request
Logs cleaned
Reloading nginx
Reload Succesfull
Sun Jul 29 20:00:01 EDT 2018 - Removing temporal files in static/logs
Files deleted
Sun Jul 29 20:00:01 EDT 2018 - Starting logs cleaning
Cleaning not usefull logs for: www.climbersoul.com
1 logs removed because their are ligitimal request
Cleaning not usefull logs for: www.testapp.com
1 logs removed because their are ligitimal request
Logs cleaned
Reloading nginx
Reload Succesfull
Sun Jul 29 22:00:01 EDT 2018 - Removing temporal files in static/logs
Files deleted
Sun Jul 29 22:00:01 EDT 2018 - Starting logs cleaning
Cleaning not usefull logs for: www.climbersoul.com
1 logs removed because their are ligitimal request
Cleaning not usefull logs for: www.testapp.com
1 logs removed because their are ligitimal request
Logs cleaned
Reloading nginx
Reload Succesfull
Mon Jul 30 00:00:01 EDT 2018 - Removing temporal files in static/logs
Files deleted
Mon Jul 30 00:00:01 EDT 2018 - Starting logs cleaning
Cleaning not usefull logs for: www.climbersoul.com
1 logs removed because their are ligitimal request
Cleaning not usefull logs for: www.testapp.com
1 logs removed because their are ligitimal request
Logs cleaned
Reloading nginx
Reload Succesfull
Mon Jul 30 02:00:01 EDT 2018 - Removing temporal files in static/logs
Files deleted
Mon Jul 30 02:00:01 EDT 2018 - Starting logs cleaning
Cleaning not usefull logs for: www.climbersoul.com
1 logs removed because their are ligitimal request
Cleaning not usefull logs for: www.testapp.com
1 logs removed because their are ligitimal request
Logs cleaned
Reloading nginx
Reload Succesfull
Mon Jul 30 04:00:01 EDT 2018 - Removing temporal files in static/logs
Files deleted
Mon Jul 30 04:00:01 EDT 2018 - Starting logs cleaning
Cleaning not usefull logs for: www.climbersoul.com
1 logs removed because their are ligitimal request
Cleaning not usefull logs for: www.testapp.com
1 logs removed because their are ligitimal request
Logs cleaned
Reloading nginx
Reload Succesfull
Mon Jul 30 06:00:01 EDT 2018 - Removing temporal files in static/logs
Files deleted
Mon Jul 30 06:00:01 EDT 2018 - Starting logs cleaning
Cleaning not usefull logs for: www.climbersoul.com
1 logs removed because their are ligitimal request
Cleaning not usefull logs for: www.testapp.com
1 logs removed because their are ligitimal request
Logs cleaned
Reloading nginx
Reload Succesfull
Mon Jul 30 08:00:01 EDT 2018 - Removing temporal files in static/logs
Files deleted
Mon Jul 30 08:00:01 EDT 2018 - Starting logs cleaning
Cleaning not usefull logs for: www.climbersoul.com
1 logs removed because their are ligitimal request
Cleaning not usefull logs for: www.testapp.com
1 logs removed because their are ligitimal request
Logs cleaned
Reloading nginx
Reload Succesfull
Mon Jul 30 10:00:01 EDT 2018 - Removing temporal files in static/logs
Files deleted
Mon Jul 30 10:00:01 EDT 2018 - Starting logs cleaning
Cleaning not usefull logs for: www.climbersoul.com
1 logs removed because their are ligitimal request
Cleaning not usefull logs for: www.testapp.com
1 logs removed because their are ligitimal request
Logs cleaned
Reloading nginx
Reload Succesfull
Mon Jul 30 12:00:01 EDT 2018 - Removing temporal files in static/logs
Files deleted
Mon Jul 30 12:00:01 EDT 2018 - Starting logs cleaning
Cleaning not usefull logs for: www.climbersoul.com
1 logs removed because their are ligitimal request
Cleaning not usefull logs for: www.testapp.com
1 logs removed because their are ligitimal request
Logs cleaned
Reloading nginx
Reload Succesfull
Mon Jul 30 14:00:01 EDT 2018 - Removing temporal files in static/logs
Files deleted
Mon Jul 30 14:00:01 EDT 2018 - Starting logs cleaning
Cleaning not usefull logs for: www.climbersoul.com
1 logs removed because their are ligitimal request
Cleaning not usefull logs for: www.testapp.com
1 logs removed because their are ligitimal request
Logs cleaned
Reloading nginx
Reload Succesfull
Mon Jul 30 16:00:01 EDT 2018 - Removing temporal files in static/logs
Files deleted
Mon Jul 30 16:00:01 EDT 2018 - Starting logs cleaning
Cleaning not usefull logs for: www.climbersoul.com
1 logs removed because their are ligitimal request
Cleaning not usefull logs for: www.testapp.com
1 logs removed because their are ligitimal request
Logs cleaned
Reloading nginx
Reload Succesfull
Mon Jul 30 18:00:01 EDT 2018 - Removing temporal files in static/logs
Files deleted
Mon Jul 30 18:00:01 EDT 2018 - Starting logs cleaning
Logs cleaned
Reloading nginx
Failed, nginx is not running
Mon Jul 30 20:00:01 EDT 2018 - Removing temporal files in static/logs
Files deleted
Mon Jul 30 20:00:01 EDT 2018 - Starting logs cleaning
Logs cleaned
Reloading nginx
Failed, nginx is not running
Mon Jul 30 22:00:01 EDT 2018 - Removing temporal files in static/logs
Files deleted
Mon Jul 30 22:00:01 EDT 2018 - Starting logs cleaning
Logs cleaned
Reloading nginx
Failed, nginx is not running
Tue Jul 31 00:00:01 EDT 2018 - Removing temporal files in static/logs
Files deleted
Tue Jul 31 00:00:01 EDT 2018 - Starting logs cleaning
Logs cleaned
Reloading nginx
Failed, nginx is not running
Tue Jul 31 02:00:01 EDT 2018 - Removing temporal files in static/logs
Files deleted
Tue Jul 31 02:00:01 EDT 2018 - Starting logs cleaning
Logs cleaned
Reloading nginx
Failed, nginx is not running
Tue Jul 31 04:00:01 EDT 2018 - Removing temporal files in static/logs
Files deleted
Tue Jul 31 04:00:01 EDT 2018 - Starting logs cleaning
Logs cleaned
Reloading nginx
Failed, nginx is not running
Tue Jul 31 06:00:01 EDT 2018 - Removing temporal files in static/logs
Files deleted
Tue Jul 31 06:00:01 EDT 2018 - Starting logs cleaning
Logs cleaned
Reloading nginx
Failed, nginx is not running
Tue Jul 31 08:00:01 EDT 2018 - Removing temporal files in static/logs
Files deleted
Tue Jul 31 08:00:01 EDT 2018 - Starting logs cleaning
Logs cleaned
Reloading nginx
Failed, nginx is not running
Tue Jul 31 10:00:01 EDT 2018 - Removing temporal files in static/logs
Files deleted
Tue Jul 31 10:00:01 EDT 2018 - Starting logs cleaning
Logs cleaned
Reloading nginx
Failed, nginx is not running
Tue Jul 31 12:00:01 EDT 2018 - Removing temporal files in static/logs
Files deleted
Tue Jul 31 12:00:01 EDT 2018 - Starting logs cleaning
Logs cleaned
Reloading nginx
Failed, nginx is not running
Tue Jul 31 14:00:01 EDT 2018 - Removing temporal files in static/logs
Files deleted
Tue Jul 31 14:00:01 EDT 2018 - Starting logs cleaning
Logs cleaned
Reloading nginx
Failed, nginx is not running
Tue Jul 31 16:00:01 EDT 2018 - Removing temporal files in static/logs
Files deleted
Tue Jul 31 16:00:01 EDT 2018 - Starting logs cleaning
Logs cleaned
Reloading nginx
Failed, nginx is not running
